0  9.82026e-12
2.35865e-09  1.39677e-11
4.71731e-09  1.98173e-11
7.07596e-09  2.80463e-11
9.43462e-09  3.95933e-11
1.17933e-08  5.57549e-11
1.41519e-08  7.83172e-11
1.65106e-08  1.09735e-10
1.88692e-08  1.53373e-10
2.12279e-08  2.13829e-10
2.35865e-08  2.97371e-10
2.59452e-08  4.1252e-10
2.83039e-08  5.70828e-10
3.06625e-08  7.87916e-10
3.30212e-08  1.08485e-09
3.53798e-08  1.48995e-09
3.77385e-08  2.04122e-09
4.00971e-08  2.78947e-09
4.24558e-08  3.80248e-09
4.48144e-08  5.17043e-09
4.71731e-08  7.01296e-09
4.95317e-08  9.48834e-09
5.18904e-08  1.28054e-08
5.4249e-08  1.72389e-08
5.66077e-08  2.31495e-08
5.89664e-08  3.1009e-08
6.1325e-08  4.14331e-08
6.36837e-08  5.52232e-08
6.60423e-08  7.34193e-08
6.8401e-08  9.73673e-08
7.07596e-08  1.28804e-07
7.31183e-08  1.69966e-07
7.54769e-08  2.23721e-07
7.78356e-08  2.93743e-07
8.01942e-08  3.84717e-07
8.25529e-08  5.02608e-07
8.49116e-08  6.54986e-07
8.72702e-08  8.5143e-07
8.96289e-08  1.10403e-06
9.19875e-08  1.42799e-06
9.43462e-08  1.84241e-06
9.67048e-08  2.37115e-06
9.90635e-08  3.04402e-06
1.01422e-07  3.89807e-06
1.03781e-07  4.97928e-06
1.06139e-07  6.34451e-06
1.08498e-07  8.06386e-06
1.10857e-07  1.02236e-05
1.13215e-07  1.29293e-05
1.15574e-07  1.63104e-05
1.17933e-07  2.05242e-05
1.20291e-07  2.57622e-05
1.2265e-07  3.22563e-05
1.25009e-07  4.02865e-05
1.27367e-07  5.01902e-05
1.29726e-07  6.23724e-05
1.32085e-07  7.7318e-05
1.34443e-07  9.56055e-05
1.36802e-07  0.000117923
1.39161e-07  0.000145088
1.41519e-07  0.000178064
1.43878e-07  0.000217989
1.46237e-07  0.0002662
1.48595e-07  0.000324262
1.50954e-07  0.000394001
1.53313e-07  0.000477545
1.55671e-07  0.000577357
1.5803e-07  0.000696289
1.60388e-07  0.000837623
1.62747e-07  0.00100513
1.65106e-07  0.00120312
1.67464e-07  0.00143652
1.69823e-07  0.00171091
1.72182e-07  0.00203263
1.7454e-07  0.00240881
1.76899e-07  0.00284748
1.79258e-07  0.00335764
1.81616e-07  0.00394932
1.83975e-07  0.00463366
1.86334e-07  0.005423
1.88692e-07  0.00633097
1.91051e-07  0.0073725
1.9341e-07  0.00856393
1.95768e-07  0.00992308
1.98127e-07  0.0114692
2.00486e-07  0.0132232
2.02844e-07  0.0152073
2.05203e-07  0.0174454
2.07562e-07  0.019963
2.0992e-07  0.0227868
2.12279e-07  0.0259452
2.14638e-07  0.0294676
2.16996e-07  0.0333846
2.19355e-07  0.0377278
2.21714e-07  0.0425296
2.24072e-07  0.0478229
2.26431e-07  0.0536407
2.28789e-07  0.060016
2.31148e-07  0.0669813
2.33507e-07  0.0745684
2.35865e-07  0.0828077
2.38224e-07  0.0917277
2.40583e-07  0.101355
2.42941e-07  0.111713
2.453e-07  0.122822
2.47659e-07  0.134698
2.50017e-07  0.147354
2.52376e-07  0.160797
2.54735e-07  0.175028
2.57093e-07  0.190043
2.59452e-07  0.205831
2.61811e-07  0.222373
2.64169e-07  0.239646
2.66528e-07  0.257615
2.68887e-07  0.276239
2.71245e-07  0.295471
2.73604e-07  0.315253
2.75963e-07  0.335519
2.78321e-07  0.356196
2.8068e-07  0.377204
2.83039e-07  0.398453
2.85397e-07  0.419848
2.87756e-07  0.441287
2.90114e-07  0.462663
2.92473e-07  0.483863
2.94832e-07  0.504771
2.9719e-07  0.525268
2.99549e-07  0.545232
3.01908e-07  0.564543
3.04266e-07  0.583077
3.06625e-07  0.600716
3.08984e-07  0.617344
3.11342e-07  0.632847
3.13701e-07  0.647121
3.1606e-07  0.660063
3.18418e-07  0.671584
3.20777e-07  0.6816
3.23136e-07  0.690038
3.25494e-07  0.696836
3.27853e-07  0.701944
3.30212e-07  0.705323
3.3257e-07  0.70695
3.34929e-07  0.706811
3.37288e-07  0.704907
3.39646e-07  0.701254
3.42005e-07  0.695877
3.44364e-07  0.688818
3.46722e-07  0.680127
3.49081e-07  0.66987
3.51439e-07  0.65812
3.53798e-07  0.644961
3.56157e-07  0.630488
3.58515e-07  0.6148
3.60874e-07  0.598006
3.63233e-07  0.580218
3.65591e-07  0.561554
3.6795e-07  0.542133
3.70309e-07  0.522076
3.72667e-07  0.501507
3.75026e-07  0.480545
3.77385e-07  0.459309
3.79743e-07  0.437916
3.82102e-07  0.416477
3.84461e-07  0.395098
3.86819e-07  0.373881
3.89178e-07  0.35292
3.91537e-07  0.332302
3.93895e-07  0.312108
3.96254e-07  0.292408
3.98613e-07  0.273268
4.00971e-07  0.254744
4.0333e-07  0.236882
4.05689e-07  0.219722
4.08047e-07  0.203297
4.10406e-07  0.18763
4.12765e-07  0.172738
4.15123e-07  0.158631
4.17482e-07  0.145312
4.1984e-07  0.132779
4.22199e-07  0.121024
4.24558e-07  0.110034
4.26916e-07  0.0997927
4.29275e-07  0.0902784
4.31634e-07  0.0814673
4.33992e-07  0.0733326
4.36351e-07  0.0658454
4.3871e-07  0.0589749
4.41068e-07  0.0526895
4.43427e-07  0.0469564
4.45786e-07  0.0417426
4.48144e-07  0.0370151
4.50503e-07  0.032741
4.52862e-07  0.0288882
4.5522e-07  0.0254251
4.57579e-07  0.0223213
4.59938e-07  0.0195474
4.62296e-07  0.0170755
4.64655e-07  0.014879
4.67014e-07  0.0129326
4.69372e-07  0.0112128
4.71731e-07  0.00969742
4.7409e-07  0.00836589
4.76448e-07  0.00719918
4.78807e-07  0.0061797
4.81165e-07  0.00529135
4.83524e-07  0.00451939
4.85883e-07  0.00385041
4.88241e-07  0.00327227
4.906e-07  0.00277399
4.92959e-07  0.00234572
4.95317e-07  0.00197861
4.97676e-07  0.00166479
5.00035e-07  0.00139724
5.02393e-07  0.00116977
5.04752e-07  0.000976879
5.07111e-07  0.00081376
5.09469e-07  0.000676187
5.11828e-07  0.000560468
5.14187e-07  0.000463393
5.16545e-07  0.000382175
5.18904e-07  0.000314405
5.21263e-07  0.000258007
5.23621e-07  0.000211197
5.2598e-07  0.000172448
5.28339e-07  0.000140456
5.30697e-07  0.000114114
5.33056e-07  9.2481e-05
5.35415e-07  7.47618e-05
5.37773e-07  6.02866e-05
5.40132e-07  4.84927e-05
5.4249e-07  3.89087e-05
5.44849e-07  3.11408e-05
5.47208e-07  2.48616e-05
5.49566e-07  1.97989e-05
5.51925e-07  1.57278e-05
5.54284e-07  1.24626e-05
5.56642e-07  9.85065e-06
5.59001e-07  7.76666e-06
5.6136e-07  6.10827e-06
5.63718e-07  4.792e-06
5.66077e-07  3.74998e-06
5.68436e-07  2.92722e-06
5.70794e-07  2.27928e-06
5.73153e-07  1.77032e-06
5.75512e-07  1.37158e-06
5.7787e-07  1.06e-06
5.80229e-07  8.17153e-07
5.82588e-07  6.2837e-07
5.84946e-07  4.81995e-07
5.87305e-07  3.68793e-07
5.89664e-07  2.81474e-07
5.92022e-07  2.14293e-07
5.94381e-07  1.62739e-07
5.9674e-07  1.23279e-07
5.99098e-07  9.31539e-08
6.01457e-07  7.02146e-08
6.03816e-07  5.2792e-08
6.06174e-07  3.95934e-08
6.08533e-07  2.96205e-08
6.10891e-07  2.21043e-08
6.1325e-07  1.64541e-08
6.15609e-07  1.22176e-08
6.17967e-07  9.04924e-09
6.20326e-07  6.68579e-09
6.22685e-07  4.92728e-09
6.25043e-07  3.62223e-09
6.27402e-07  2.65619e-09
6.29761e-07  1.94293e-09
6.32119e-07  1.41765e-09
6.34478e-07  1.0318e-09
6.36837e-07  7.49093e-10
6.39195e-07  5.42488e-10
6.41554e-07  3.91886e-10
6.43913e-07  2.82385e-10
6.46271e-07  2.02974e-10
6.4863e-07  1.4553e-10
6.50989e-07  1.04082e-10
6.53347e-07  7.42536e-11
6.55706e-07  5.28411e-11
6.58065e-07  3.75095e-11
6.60423e-07  2.65597e-11
6.62782e-07  1.87595e-11
6.65141e-07  1.3217e-11
6.67499e-07  9.28878e-12
6.69858e-07  6.51176e-12
6.72216e-07  4.55358e-12
6.74575e-07  3.1763e-12
6.76934e-07  2.21006e-12
6.79292e-07  1.53392e-12
6.81651e-07  1.06197e-12
6.8401e-07  7.33396e-13
6.86368e-07  5.05218e-13
6.88727e-07  3.47162e-13
6.91086e-07  2.37958e-13
6.93444e-07  1.62699e-13
6.95803e-07  1.10964e-13
6.98162e-07  7.54905e-14
7.0052e-07  5.12292e-14
7.02879e-07  3.46783e-14
7.05238e-07  2.34159e-14
7.07596e-07  1.57717e-14
7.09955e-07  1.05965e-14
7.12314e-07  7.10165e-15
7.14672e-07  4.74756e-15
7.17031e-07  3.16589e-15
7.1939e-07  2.10589e-15
7.21748e-07  1.3973e-15
7.24107e-07  9.2482e-16
7.26466e-07  6.10576e-16
7.28824e-07  4.02102e-16
7.31183e-07  2.64148e-16
7.33541e-07  1.7309e-16
7.359e-07  1.13139e-16
7.38259e-07  7.37676e-17
7.40617e-07  4.7977e-17
7.42976e-07  3.11255e-17
7.45335e-07  2.01424e-17
7.47693e-07  1.30024e-17
7.50052e-07  8.37236e-18
7.52411e-07  5.37759e-18
7.54769e-07  3.44541e-18
7.57128e-07  2.20196e-18
7.59487e-07  1.40375e-18
7.61845e-07  8.92662e-19
7.64204e-07  5.66237e-19
7.66563e-07  3.5828e-19
7.68921e-07  2.26132e-19
7.7128e-07  1.42369e-19
7.73639e-07  8.94094e-20
7.75997e-07  5.60099e-20
7.78356e-07  3.49994e-20
7.80715e-07  2.18158e-20
7.83073e-07  1.35643e-20
7.85432e-07  8.4127e-21
7.87791e-07  5.20462e-21
7.90149e-07  3.21186e-21
7.92508e-07  1.97714e-21
7.94867e-07  1.21404e-21
7.97225e-07  7.43608e-22
7.99584e-07  4.54327e-22
8.01942e-07  2.7689e-22
8.04301e-07  1.6833e-22
8.0666e-07  1.02077e-22
8.09018e-07  6.17461e-23
8.11377e-07  3.72568e-23
8.13736e-07  2.24241e-23
8.16094e-07  1.3463e-23
8.18453e-07  8.06267e-24
8.20812e-07  4.81651e-24
8.2317e-07  2.87011e-24
8.25529e-07  1.70601e-24
8.27888e-07  1.01152e-24
8.30246e-07  5.98255e-25
8.32605e-07  3.52948e-25
8.34964e-07  2.07706e-25
8.37322e-07  1.21928e-25
8.39681e-07  7.13952e-26
8.4204e-07  4.17014e-26
8.44398e-07  2.42966e-26
8.46757e-07  1.41207e-26
8.49116e-07  8.18616e-27
8.51474e-07  4.73389e-27
8.53833e-07  2.73068e-27
8.56192e-07  1.57122e-27
8.5855e-07  9.01819e-28
8.60909e-07  5.16315e-28
8.63267e-07  2.94866e-28
8.65626e-07  1.67976e-28
8.67985e-07  9.54523e-29
8.70343e-07  5.41052e-29
8.72702e-07  3.05919e-29
8.75061e-07  1.72539e-29
8.77419e-07  9.70693e-30
8.79778e-07  5.44743e-30
8.82137e-07  3.04941e-30
8.84495e-07  1.70276e-30
8.86854e-07  9.48431e-31
8.89213e-07  5.26954e-31
8.91571e-07  2.92047e-31
8.9393e-07  1.61454e-31
8.96289e-07  8.90344e-32
8.98647e-07  4.89758e-32
9.01006e-07  2.68732e-32
9.03365e-07  1.47086e-32
9.05723e-07  8.03042e-33
9.08082e-07  4.3734e-33
9.10441e-07  2.37582e-33
9.12799e-07  1.28743e-33
9.15158e-07  6.959e-34
9.17517e-07  3.75219e-34
9.19875e-07  2.01807e-34
9.22234e-07  1.08269e-34
9.24593e-07  5.79406e-35
9.26951e-07  3.09299e-35
9.2931e-07  1.64698e-35
9.31668e-07  8.74803e-36
9.34027e-07  4.63498e-36
9.36386e-07  2.44963e-36
9.38744e-07  1.29142e-36
9.41103e-07  6.7912e-37
9.43462e-07  3.56239e-37
9.4582e-07  1.86402e-37
9.48179e-07  9.72912e-38
9.50538e-07  5.06537e-38
9.52896e-07  2.63065e-38
9.55255e-07  1.36279e-38
9.57614e-07  7.04221e-39
9.59972e-07  3.62997e-39
9.62331e-07  1.86643e-39
9.6469e-07  9.57272e-40
9.67048e-07  4.89748e-40
9.69407e-07  2.49933e-40
9.71766e-07  1.2723e-40
9.74124e-07  6.46056e-41
9.76483e-07  3.27238e-41
9.78842e-07  1.65338e-41
9.812e-07  8.33289e-42
9.83559e-07  4.18922e-42
9.85918e-07  2.1008e-42
9.88276e-07  1.05087e-42
9.90635e-07  5.24361e-43
9.92993e-07  2.6099e-43
9.95352e-07  1.29578e-43
9.97711e-07  6.41735e-44
1.00007e-06  3.17024e-44
1.00243e-06  1.56223e-44
1.00479e-06  7.67908e-45
1.00715e-06  3.76521e-45
1.0095e-06  1.84155e-45
1.01186e-06  8.98445e-46
1.01422e-06  4.37234e-46
1.01658e-06  2.12252e-46
1.01894e-06  1.02778e-46
1.0213e-06  4.96441e-47
1.02366e-06  2.39192e-47
1.02601e-06  1.14958e-47
1.02837e-06  5.51124e-48
1.03073e-06  2.63555e-48
1.03309e-06  1.25721e-48
1.03545e-06  5.98218e-49
1.03781e-06  2.83939e-49
1.04017e-06  1.34432e-49
1.04253e-06  6.34889e-50
1.04488e-06  2.99093e-50
1.04724e-06  1.40549e-50
1.0496e-06  6.58817e-51
1.05196e-06  3.08046e-51
1.05432e-06  1.43675e-51
1.05668e-06  6.68436e-52
1.05904e-06  3.10208e-52
1.06139e-06  1.43602e-52
1.06375e-06  6.63107e-53
1.06611e-06  3.05436e-53
1.06847e-06  1.40336e-53
1.07083e-06  6.43184e-54
1.07319e-06  2.94045e-54
1.07555e-06  1.34094e-54
1.07791e-06  6.0998e-55
1.08026e-06  2.76782e-55
1.08262e-06  1.25278e-55
1.08498e-06  5.65619e-56
1.08734e-06  2.54735e-56
1.0897e-06  1.14437e-56
1.09206e-06  5.12816e-57
1.09442e-06  2.29229e-57
1.09677e-06  1.02209e-57
1.09913e-06  4.54597e-58
1.10149e-06  2.01687e-58
1.10385e-06  8.92569e-59
1.10621e-06  3.94022e-59
1.10857e-06  1.73506e-59
1.11093e-06  7.62116e-60
1.11328e-06  3.3392e-60
1.11564e-06  1.45942e-60
1.118e-06  6.36252e-61
1.12036e-06  2.7669e-61
1.12272e-06  1.20025e-61
1.12508e-06  5.19356e-62
1.12744e-06  2.24167e-62
1.1298e-06  9.65148e-63
1.13215e-06  4.14505e-63
1.13451e-06  1.77574e-63
1.13687e-06  7.58829e-64
1.13923e-06  3.23462e-64
1.14159e-06  1.37536e-64
1.14395e-06  5.83341e-65
1.14631e-06  2.46799e-65
1.14866e-06  1.04155e-65
1.15102e-06  4.38459e-66
1.15338e-06  1.84117e-66
1.15574e-06  7.71209e-67
1.1581e-06  3.22229e-67
1.16046e-06  1.34299e-67
1.16282e-06  5.58332e-68
1.16518e-06  2.31541e-68
1.16753e-06  9.57807e-69
1.16989e-06  3.95223e-69
1.17225e-06  1.62675e-69
1.17461e-06  6.67902e-70
1.17697e-06  2.73539e-70
1.17933e-06  1.11748e-70
1.18169e-06  4.55382e-71
1.18404e-06  1.85108e-71
1.1864e-06  7.50567e-72
1.18876e-06  3.03576e-72
1.19112e-06  1.22479e-72
1.19348e-06  4.92909e-73
1.19584e-06  1.97873e-73
1.1982e-06  7.9236e-74
1.20056e-06  3.16499e-74
1.20291e-06  1.26106e-74
1.20527e-06  5.01203e-75
1.20763e-06  1.98704e-75
1.20999e-06  7.85801e-76
1.21235e-06  3.0998e-76
1.21471e-06  1.21974e-76
1.21707e-06  4.78759e-77
1.21942e-06  1.87448e-77
1.22178e-06  7.3208e-78
1.22414e-06  2.85201e-78
1.2265e-06  1.1083e-78
1.22886e-06  4.29613e-79
1.23122e-06  1.66116e-79
1.23358e-06  6.4071e-80
1.23593e-06  2.46505e-80
1.23829e-06  9.46025e-81
1.24065e-06  3.62155e-81
1.24301e-06  1.38293e-81
1.24537e-06  5.2677e-82
1.24773e-06  2.0015e-82
1.25009e-06  7.58586e-83
1.25245e-06  2.86793e-83
1.2548e-06  1.08155e-83
1.25716e-06  4.06853e-84
1.25952e-06  1.52666e-84
1.26188e-06  5.71431e-85
1.26424e-06  2.13353e-85
1.2666e-06  7.94597e-86
1.26896e-06  2.95196e-86
1.27131e-06  1.09392e-86
1.27367e-06  4.0437e-87
1.27603e-06  1.49103e-87
1.27839e-06  5.4841e-88
1.28075e-06  2.01205e-88
1.28311e-06  7.36356e-89
1.28547e-06  2.68813e-89
1.28783e-06  9.78877e-90
1.29018e-06  3.55566e-90
1.29254e-06  1.28832e-90
1.2949e-06  4.65635e-91
1.29726e-06  1.67873e-91
1.29962e-06  6.0371e-92
1.30198e-06  2.16566e-92
1.30434e-06  7.7494e-93
1.30669e-06  2.76604e-93
1.30905e-06  9.84838e-94
1.31141e-06  3.49772e-94
1.31377e-06  1.23914e-94
1.31613e-06  4.37892e-95
1.31849e-06  1.54358e-95
1.32085e-06  5.42758e-96
1.32321e-06  1.9037e-96
1.32556e-06  6.66044e-97
1.32792e-06  2.32446e-97
1.33028e-06  8.09202e-98
1.33264e-06  2.80999e-98
1.335e-06  9.73346e-99
1.33736e-06  3.36313e-99
1.33972e-06  1.15914e-99
1.34207e-06  3.98511e-100
1.34443e-06  1.36666e-100
1.34679e-06  4.67513e-101
1.34915e-06  1.5953e-101
1.35151e-06  5.43005e-102
1.35387e-06  1.84366e-102
1.35623e-06  6.24412e-103
1.35858e-06  2.10949e-103
1.36094e-06  7.10879e-104
1.3633e-06  2.38962e-104
1.36566e-06  8.01267e-105
1.36802e-06  2.68003e-105
1.37038e-06  8.94161e-106
1.37274e-06  2.97582e-106
1.3751e-06  9.87897e-107
1.37745e-06  3.27138e-107
1.37981e-06  1.0806e-107
1.38217e-06  3.56051e-108
1.38453e-06  1.17024e-108
1.38689e-06  3.83663e-109
1.38925e-06  1.2547e-109
1.39161e-06  4.09304e-110
1.39396e-06  1.33188e-110
1.39632e-06  4.32313e-111
1.39868e-06  1.39973e-111
1.40104e-06  4.52072e-112
1.4034e-06  1.45641e-112
1.40576e-06  4.6803e-113
1.40812e-06  1.5003e-113
1.41048e-06  4.79731e-114
1.41283e-06  1.53014e-114
1.41519e-06  4.86831e-115
1.41755e-06  1.54504e-115
1.41991e-06  4.8912e-116
1.42227e-06  1.54456e-116
1.42463e-06  4.86531e-117
1.42699e-06  1.52872e-117
1.42934e-06  4.7914e-118
1.4317e-06  1.49799e-118
1.43406e-06  4.67166e-119
1.43642e-06  1.45327e-119
1.43878e-06  4.50959e-120
1.44114e-06  1.39586e-120
1.4435e-06  4.30983e-121
1.44586e-06  1.32737e-121
1.44821e-06  4.07793e-122
1.45057e-06  1.24969e-122
1.45293e-06  3.82012e-123
1.45529e-06  1.16484e-123
1.45765e-06  3.543e-124
1.46001e-06  1.07495e-124
1.46237e-06  3.25328e-125
1.46472e-06  9.8213e-126
1.46708e-06  2.95754e-126
1.46944e-06  8.88394e-127
1.4718e-06  2.66192e-127
1.47416e-06  7.95609e-128
1.47652e-06  2.37202e-128
1.47888e-06  7.05424e-129
1.48123e-06  2.09265e-129
1.48359e-06  6.19239e-130
1.48595e-06  1.82782e-130
1.48831e-06  5.38175e-131
1.49067e-06  1.58062e-131
1.49303e-06  4.63069e-132
1.49539e-06  1.35325e-132
1.49775e-06  3.94479e-133
1.5001e-06  1.14706e-133
1.50246e-06  3.32706e-134
1.50482e-06  9.62609e-135
1.50718e-06  2.77814e-135
1.50954e-06  7.99782e-136
1.5119e-06  2.2967e-136
1.51426e-06  6.57886e-137
1.51661e-06  1.8798e-137
1.51897e-06  5.3578e-138
1.52133e-06  1.52327e-138
1.52369e-06  4.31995e-139
1.52605e-06  1.22207e-139
1.52841e-06  3.44849e-140
1.53077e-06  9.70678e-141
1.53313e-06  2.72544e-141
1.53548e-06  7.63327e-142
1.53784e-06  2.13255e-142
1.5402e-06  5.94297e-143
1.54256e-06  1.65204e-143
1.54492e-06  4.58092e-144
1.54728e-06  1.26707e-144
1.54964e-06  3.49591e-145
1.55199e-06  9.62132e-146
1.55435e-06  2.64133e-146
1.55671e-06  7.23314e-147
1.55907e-06  1.97581e-147
1.56143e-06  5.38364e-148
1.56379e-06  1.46326e-148
1.56615e-06  3.96718e-149
1.56851e-06  1.07289e-149
1.57086e-06  2.89432e-150
1.57322e-06  7.78841e-151
1.57558e-06  2.09058e-151
1.57794e-06  5.59755e-152
1.5803e-06  1.49501e-152
1.58266e-06  3.98294e-153
1.58502e-06  1.05847e-153
1.58737e-06  2.80587e-154
1.58973e-06  7.41942e-155
1.59209e-06  1.95698e-155
1.59445e-06  5.14895e-156
1.59681e-06  1.35134e-156
1.59917e-06  3.53773e-157
1.60153e-06  9.23844e-158
1.60388e-06  2.40651e-158
1.60624e-06  6.25302e-159
1.6086e-06  1.62072e-159
1.61096e-06  4.19024e-160
1.61332e-06  1.08065e-160
1.61568e-06  2.77999e-161
1.61804e-06  7.13375e-162
1.6204e-06  1.82602e-162
1.62275e-06  4.6624e-163
1.62511e-06  1.18748e-163
1.62747e-06  3.01687e-164
1.62983e-06  7.64544e-165
1.63219e-06  1.93269e-165
1.63455e-06  4.87345e-166
1.63691e-06  1.22581e-166
1.63926e-06  3.07558e-167
1.64162e-06  7.69739e-168
1.64398e-06  1.92165e-168
1.64634e-06  4.78542e-169
1.6487e-06  1.18872e-169
1.65106e-06  2.94546e-170
1.65342e-06  7.28017e-171
1.65578e-06  1.79491e-171
1.65813e-06  4.41429e-172
1.66049e-06  1.08291e-172
1.66285e-06  2.64994e-173
1.66521e-06  6.46838e-174
1.66757e-06  1.57496e-174
1.66993e-06  3.82523e-175
1.67229e-06  9.26744e-176
1.67464e-06  2.23963e-176
1.677e-06  5.39892e-177
1.67936e-06  1.29823e-177
1.68172e-06  3.11395e-178
1.68408e-06  7.45048e-179
1.68644e-06  1.77817e-179
1.6888e-06  4.23325e-180
1.69116e-06  1.00529e-180
1.69351e-06  2.38134e-181
1.69587e-06  5.62686e-182
1.69823e-06  1.32625e-182
1.70059e-06  3.11816e-183
1.70295e-06  7.31284e-184
1.70531e-06  1.71076e-184
1.70767e-06  3.99212e-185
1.71002e-06  9.29254e-186
1.71238e-06  2.15764e-186
1.71474e-06  4.99733e-187
1.7171e-06  1.15455e-187
1.71946e-06  2.66072e-188
1.72182e-06  6.11646e-189
1.72418e-06  1.40254e-189
1.72653e-06  3.20809e-190
1.72889e-06  7.31966e-191
1.73125e-06  1.6659e-191
1.73361e-06  3.78201e-192
1.73597e-06  8.56466e-193
1.73833e-06  1.93469e-193
1.74069e-06  4.35941e-194
1.74305e-06  9.79846e-195
1.7454e-06  2.19686e-195
1.74776e-06  4.91316e-196
1.75012e-06  1.09606e-196
1.75248e-06  2.43905e-197
1.75484e-06  5.41405e-198
1.7572e-06  1.19878e-198
1.75956e-06  2.64769e-199
1.76191e-06  5.83327e-200
1.76427e-06  1.28195e-200
1.76663e-06  2.81024e-201
1.76899e-06  6.14512e-202
1.77135e-06  1.34039e-202
1.77371e-06  2.9164e-203
1.77607e-06  6.32961e-204
1.77843e-06  1.37032e-204
1.78078e-06  2.95923e-205
1.78314e-06  6.37458e-206
1.7855e-06  1.36974e-206
1.78786e-06  2.93589e-207
1.79022e-06  6.27704e-208
1.79258e-06  1.3387e-208
1.79494e-06  2.84793e-209
1.79729e-06  6.04348e-210
1.79965e-06  1.27926e-210
1.80201e-06  2.70113e-211
1.80437e-06  5.68914e-212
1.80673e-06  1.19526e-212
1.80909e-06  2.50491e-213
1.81145e-06  5.23643e-214
1.81381e-06  1.09193e-214
1.81616e-06  2.27125e-215
1.81852e-06  4.71251e-216
1.82088e-06  9.75333e-217
1.82324e-06  2.01358e-217
1.8256e-06  4.14665e-218
1.82796e-06  8.51807e-219
1.83032e-06  1.74542e-219
1.83267e-06  3.56756e-220
1.83503e-06  7.27373e-221
1.83739e-06  1.47931e-221
1.83975e-06  3.00105e-222
1.84211e-06  6.07298e-223
1.84447e-06  1.22587e-223
1.84683e-06  2.46833e-224
1.84919e-06  4.95764e-225
1.85154e-06  9.93257e-226
1.8539e-06  1.98501e-226
1.85626e-06  3.9571e-227
1.85862e-06  7.86875e-228
1.86098e-06  1.56081e-228
1.86334e-06  3.08821e-229
1.8657e-06  6.09507e-230
1.86805e-06  1.19995e-230
1.87041e-06  2.35649e-231
1.87277e-06  4.61615e-232
1.87513e-06  9.02004e-233
1.87749e-06  1.75813e-233
1.87985e-06  3.41829e-234
1.88221e-06  6.6295e-235
1.88456e-06  1.28253e-235
1.88692e-06  2.47495e-236
1.88928e-06  4.7641e-237
1.89164e-06  9.14766e-238
1.894e-06  1.75208e-238
1.89636e-06  3.34742e-239
1.89872e-06  6.37943e-240
1.90108e-06  1.21274e-240
1.90343e-06  2.29968e-241
1.90579e-06  4.34992e-242
1.90815e-06  8.20749e-243
1.91051e-06  1.54473e-243
1.91287e-06  2.90008e-244
1.91523e-06  5.43102e-245
1.91759e-06  1.01454e-245
1.91994e-06  1.89046e-246
1.9223e-06  3.51383e-247
1.92466e-06  6.51493e-248
1.92702e-06  1.2049e-248
1.92938e-06  2.22285e-249
1.93174e-06  4.09054e-250
1.9341e-06  7.50872e-251
1.93646e-06  1.37488e-251
1.93881e-06  2.51119e-252
1.94117e-06  4.57518e-253
1.94353e-06  8.31477e-254
1.94589e-06  1.50733e-254
1.94825e-06  2.7257e-255
1.95061e-06  4.91659e-256
1.95297e-06  8.84633e-257
1.95532e-06  1.58773e-257
1.95768e-06  2.84253e-258
1.96004e-06  5.0763e-259
1.9624e-06  9.04282e-260
1.96476e-06  1.60685e-260
1.96712e-06  2.84813e-261
1.96948e-06  5.0357e-262
1.97184e-06  8.88123e-263
1.97419e-06  1.56243e-263
1.97655e-06  2.74185e-264
1.97891e-06  4.79954e-265
1.98127e-06  8.38051e-266
1.98363e-06  1.45967e-266
1.98599e-06  2.53603e-267
1.98835e-06  4.3951e-268
1.9907e-06  7.59795e-269
1.99306e-06  1.3102e-269
1.99542e-06  2.25369e-270
1.99778e-06  3.86692e-271
2.00014e-06  6.61836e-272
2.0025e-06  1.12992e-272
2.00486e-06  1.92425e-273
2.00721e-06  3.26881e-274
2.00957e-06  5.53901e-275
2.01193e-06  9.36242e-276
2.01429e-06  1.57855e-276
2.01665e-06  2.65487e-277
2.01901e-06  4.45392e-278
2.02137e-06  7.45342e-279
2.02373e-06  1.24418e-279
2.02608e-06  2.07169e-280
2.02844e-06  3.44097e-281
2.0308e-06  5.701e-282
2.03316e-06  9.42184e-283
2.03552e-06  1.55323e-283
2.03788e-06  2.55416e-284
2.04024e-06  4.18962e-285
2.04259e-06  6.85514e-286
2.04495e-06  1.11885e-286
2.04731e-06  1.82156e-287
2.04967e-06  2.9582e-288
2.05203e-06  4.7921e-289
2.05439e-06  7.74352e-290
2.05675e-06  1.24815e-290
2.05911e-06  2.00681e-291
2.06146e-06  3.21857e-292
2.06382e-06  5.14912e-293
2.06618e-06  8.21707e-294
2.06854e-06  1.30802e-294
2.0709e-06  2.07696e-295
2.07326e-06  3.28969e-296
2.07562e-06  5.19753e-297
2.07797e-06  8.19129e-298
2.08033e-06  1.28772e-298
2.08269e-06  2.01932e-299
2.08505e-06  3.15867e-300
2.08741e-06  4.92853e-301
2.08977e-06  7.67086e-302
2.09213e-06  1.19093e-302
2.09449e-06  1.84434e-303
2.09684e-06  2.84912e-304
2.0992e-06  4.3903e-305
2.10156e-06  6.74827e-306
2.10392e-06  1.03468e-306
2.10628e-06  1.58246e-307
2.10864e-06  2.4142e-308
2.111e-06  3.6739e-309
2.11335e-06  5.57696e-310
2.11571e-06  8.44464e-311
2.11807e-06  1.2755e-311
2.12043e-06  1.92173e-312
2.12279e-06  2.88814e-313
2.12515e-06  4.32971e-314
2.12751e-06  6.47461e-315
2.12986e-06  9.65791e-316
2.13222e-06  1.43703e-316
2.13458e-06  2.13287e-317
2.13694e-06  3.15775e-318
2.1393e-06  4.66339e-319
2.14166e-06  6.86998e-320
2.14402e-06  1.00987e-320
2.14638e-06  1.4822e-321
2.14873e-06  2.17389e-322
2.15109e-06  2.96439e-323
2.15345e-06  0
2.15581e-06  0
2.15817e-06  0
2.16053e-06  0
2.16289e-06  0
2.16524e-06  0
2.1676e-06  0
2.16996e-06  0
2.17232e-06  0
2.17468e-06  0
2.17704e-06  0
2.1794e-06  0
2.18176e-06  0
2.18411e-06  0
2.18647e-06  0
2.18883e-06  0
2.19119e-06  0
2.19355e-06  0
2.19591e-06  0
2.19827e-06  0
2.20062e-06  0
2.20298e-06  0
2.20534e-06  0
2.2077e-06  0
2.21006e-06  0
2.21242e-06  0
2.21478e-06  0
2.21714e-06  0
2.21949e-06  0
2.22185e-06  0
2.22421e-06  0
2.22657e-06  0
2.22893e-06  0
2.23129e-06  0
2.23365e-06  0
2.236e-06  0
2.23836e-06  0
2.24072e-06  0
2.24308e-06  0
2.24544e-06  0
2.2478e-06  0
2.25016e-06  0
2.25251e-06  0
2.25487e-06  0
2.25723e-06  0
2.25959e-06  0
2.26195e-06  0
2.26431e-06  0
2.26667e-06  0
2.26903e-06  0
2.27138e-06  0
2.27374e-06  0
2.2761e-06  0
2.27846e-06  0
2.28082e-06  0
2.28318e-06  0
2.28554e-06  0
2.28789e-06  0
2.29025e-06  0
2.29261e-06  0
2.29497e-06  0
2.29733e-06  0
2.29969e-06  0
2.30205e-06  0
2.30441e-06  0
2.30676e-06  0
2.30912e-06  0
2.31148e-06  0
2.31384e-06  0
2.3162e-06  0
2.31856e-06  0
2.32092e-06  0
2.32327e-06  0
2.32563e-06  0
2.32799e-06  0
2.33035e-06  0
2.33271e-06  0
2.33507e-06  0
2.33743e-06  0
2.33979e-06  0
2.34214e-06  0
2.3445e-06  0
2.34686e-06  0
2.34922e-06  0
2.35158e-06  0
2.35394e-06  0
2.3563e-06  0
2.35865e-06  0
2.36101e-06  0
2.36337e-06  0
2.36573e-06  0
2.36809e-06  0
2.37045e-06  0
2.37281e-06  0
2.37516e-06  0
2.37752e-06  0
2.37988e-06  0
2.38224e-06  0
2.3846e-06  0
2.38696e-06  0
2.38932e-06  0
2.39168e-06  0
2.39403e-06  0
2.39639e-06  0
2.39875e-06  0
2.40111e-06  0
2.40347e-06  0
2.40583e-06  0
2.40819e-06  0
2.41054e-06  0
2.4129e-06  0
