0  0
2.35865e-09  0
4.71731e-09  0
7.07596e-09  0
9.43462e-09  0
1.17933e-08  0
1.41519e-08  0
1.65106e-08  0
1.88692e-08  0
2.12279e-08  -2.4167e-12
2.35865e-08  -3.43738e-12
2.59452e-08  -2.86299e-12
2.83039e-08  -4.03755e-12
3.06625e-08  -6.47077e-12
3.30212e-08  -9.09456e-12
3.53798e-08  -1.2058e-11
3.77385e-08  -1.6846e-11
4.00971e-08  -2.39045e-11
4.24558e-08  -3.32421e-11
4.48144e-08  -4.57254e-11
4.71731e-08  -6.32527e-11
4.95317e-08  -8.75521e-11
5.18904e-08  -1.20515e-10
5.4249e-08  -1.6522e-10
5.66077e-08  -2.26269e-10
5.89664e-08  -3.09285e-10
6.1325e-08  -4.21444e-10
6.36837e-08  -5.72653e-10
6.60423e-08  -7.76382e-10
6.8401e-08  -1.05008e-09
7.07596e-08  -1.4165e-09
7.31183e-08  -1.90584e-09
7.54769e-08  -2.55796e-09
7.78356e-08  -3.42462e-09
8.01942e-08  -4.57342e-09
8.25529e-08  -6.09183e-09
8.49116e-08  -8.09462e-09
8.72702e-08  -1.07281e-08
8.96289e-08  -1.41828e-08
9.19875e-08  -1.87022e-08
9.43462e-08  -2.45989e-08
9.67048e-08  -3.22739e-08
9.90635e-08  -4.2236e-08
1.01422e-07  -5.51344e-08
1.03781e-07  -7.17907e-08
1.06139e-07  -9.32424e-08
1.08498e-07  -1.20798e-07
1.10857e-07  -1.56102e-07
1.13215e-07  -2.01215e-07
1.15574e-07  -2.5871e-07
1.17933e-07  -3.31793e-07
1.20291e-07  -4.24448e-07
1.2265e-07  -5.41603e-07
1.25009e-07  -6.89348e-07
1.27367e-07  -8.7518e-07
1.29726e-07  -1.1083e-06
1.32085e-07  -1.39997e-06
1.34443e-07  -1.76392e-06
1.36802e-07  -2.21687e-06
1.39161e-07  -2.77909e-06
1.41519e-07  -3.47507e-06
1.43878e-07  -4.33437e-06
1.46237e-07  -5.39246e-06
1.48595e-07  -6.69188e-06
1.50954e-07  -8.2834e-06
1.53313e-07  -1.02275e-05
1.55671e-07  -1.25958e-05
1.5803e-07  -1.54734e-05
1.60388e-07  -1.89602e-05
1.62747e-07  -2.31738e-05
1.65106e-07  -2.82522e-05
1.67464e-07  -3.43561e-05
1.69823e-07  -4.16731e-05
1.72182e-07  -5.04202e-05
1.7454e-07  -6.08488e-05
1.76899e-07  -7.32484e-05
1.79258e-07  -8.79511e-05
1.81616e-07  -0.000105337
1.83975e-07  -0.000125841
1.86334e-07  -0.000149954
1.88692e-07  -0.000178235
1.91051e-07  -0.000211313
1.9341e-07  -0.000249894
1.95768e-07  -0.00029477
1.98127e-07  -0.000346824
2.00486e-07  -0.000407036
2.02844e-07  -0.00047649
2.05203e-07  -0.000556381
2.07562e-07  -0.000648021
2.0992e-07  -0.000752842
2.12279e-07  -0.000872403
2.14638e-07  -0.00100839
2.16996e-07  -0.00116262
2.19355e-07  -0.00133705
2.21714e-07  -0.00153376
2.24072e-07  -0.00175496
2.26431e-07  -0.00200298
2.28789e-07  -0.00228027
2.31148e-07  -0.00258939
2.33507e-07  -0.00293299
2.35865e-07  -0.0033138
2.38224e-07  -0.00373461
2.40583e-07  -0.00419826
2.42941e-07  -0.00470759
2.453e-07  -0.00526542
2.47659e-07  -0.00587457
2.50017e-07  -0.00653774
2.52376e-07  -0.00725754
2.54735e-07  -0.00803642
2.57093e-07  -0.00887666
2.59452e-07  -0.00978029
2.61811e-07  -0.0107491
2.64169e-07  -0.0117845
2.66528e-07  -0.0128876
2.68887e-07  -0.0140591
2.71245e-07  -0.0152992
2.73604e-07  -0.0166078
2.75963e-07  -0.0179841
2.78321e-07  -0.0194268
2.8068e-07  -0.0209342
2.83039e-07  -0.0225039
2.85397e-07  -0.0241327
2.87756e-07  -0.0258173
2.90114e-07  -0.0275533
2.92473e-07  -0.0293361
2.94832e-07  -0.0311604
2.9719e-07  -0.0330202
2.99549e-07  -0.0349093
3.01908e-07  -0.0368209
3.04266e-07  -0.0387478
3.06625e-07  -0.0406825
3.08984e-07  -0.0426171
3.11342e-07  -0.0445437
3.13701e-07  -0.0464541
3.1606e-07  -0.0483402
3.18418e-07  -0.0501938
3.20777e-07  -0.0520068
3.23136e-07  -0.0537713
3.25494e-07  -0.0554799
3.27853e-07  -0.0571252
3.30212e-07  -0.0587003
3.3257e-07  -0.0601989
3.34929e-07  -0.0616151
3.37288e-07  -0.0629437
3.39646e-07  -0.0641798
3.42005e-07  -0.0653195
3.44364e-07  -0.0663592
3.46722e-07  -0.0672963
3.49081e-07  -0.0681285
3.51439e-07  -0.0688544
3.53798e-07  -0.069473
3.56157e-07  -0.0699839
3.58515e-07  -0.0703873
3.60874e-07  -0.0706839
3.63233e-07  -0.0708747
3.65591e-07  -0.0709611
3.6795e-07  -0.0709448
3.70309e-07  -0.0708279
3.72667e-07  -0.0706125
3.75026e-07  -0.0703008
3.77385e-07  -0.0698954
3.79743e-07  -0.0693986
3.82102e-07  -0.0688128
3.84461e-07  -0.0681405
3.86819e-07  -0.0673839
3.89178e-07  -0.0665453
3.91537e-07  -0.0656268
3.93895e-07  -0.0646306
3.96254e-07  -0.0635587
3.98613e-07  -0.0624129
4.00971e-07  -0.0611953
4.0333e-07  -0.0599076
4.05689e-07  -0.0585519
4.08047e-07  -0.05713
4.10406e-07  -0.0556442
4.12765e-07  -0.0540966
4.15123e-07  -0.0524896
4.17482e-07  -0.0508258
4.1984e-07  -0.0491082
4.22199e-07  -0.0473398
4.24558e-07  -0.0455242
4.26916e-07  -0.0436651
4.29275e-07  -0.0417666
4.31634e-07  -0.0398333
4.33992e-07  -0.0378698
4.36351e-07  -0.0358814
4.3871e-07  -0.0338733
4.41068e-07  -0.0318515
4.43427e-07  -0.0298216
4.45786e-07  -0.02779
4.48144e-07  -0.0257629
4.50503e-07  -0.0237466
4.52862e-07  -0.0217477
4.5522e-07  -0.0197725
4.57579e-07  -0.0178274
4.59938e-07  -0.0159186
4.62296e-07  -0.0140522
4.64655e-07  -0.0122338
4.67014e-07  -0.010469
4.69372e-07  -0.00876289
4.71731e-07  -0.00712017
4.7409e-07  -0.00554512
4.76448e-07  -0.00404151
4.78807e-07  -0.00261265
4.81165e-07  -0.00126127
4.83524e-07  1.04107e-05
4.85883e-07  0.00120073
4.88241e-07  0.00230858
4.906e-07  0.00333341
4.92959e-07  0.00427519
4.95317e-07  0.00513441
4.97676e-07  0.00591206
5.00035e-07  0.00660958
5.02393e-07  0.00722886
5.04752e-07  0.00777217
5.07111e-07  0.00824215
5.09469e-07  0.00864175
5.11828e-07  0.00897418
5.14187e-07  0.0092429
5.16545e-07  0.00945154
5.18904e-07  0.00960388
5.21263e-07  0.00970379
5.23621e-07  0.00975521
5.2598e-07  0.00976211
5.28339e-07  0.00972841
5.30697e-07  0.00965802
5.33056e-07  0.00955474
5.35415e-07  0.0094223
5.37773e-07  0.00926426
5.40132e-07  0.00908405
5.4249e-07  0.00888495
5.44849e-07  0.00867002
5.47208e-07  0.00844216
5.49566e-07  0.00820406
5.51925e-07  0.00795819
5.54284e-07  0.00770685
5.56642e-07  0.00745211
5.59001e-07  0.00719583
5.6136e-07  0.00693969
5.63718e-07  0.00668517
5.66077e-07  0.00643358
5.68436e-07  0.00618602
5.70794e-07  0.00594346
5.73153e-07  0.0057067
5.75512e-07  0.0054764
5.7787e-07  0.00525309
5.80229e-07  0.00503717
5.82588e-07  0.00482893
5.84946e-07  0.00462859
5.87305e-07  0.00443625
5.89664e-07  0.00425194
5.92022e-07  0.00407564
5.94381e-07  0.00390725
5.9674e-07  0.00374664
5.99098e-07  0.00359364
6.01457e-07  0.00344802
6.03816e-07  0.00330956
6.06174e-07  0.003178
6.08533e-07  0.00305307
6.10891e-07  0.00293448
6.1325e-07  0.00282195
6.15609e-07  0.0027152
6.17967e-07  0.00261393
6.20326e-07  0.00251785
6.22685e-07  0.00242671
6.25043e-07  0.00234021
6.27402e-07  0.0022581
6.29761e-07  0.00218013
6.32119e-07  0.00210606
6.34478e-07  0.00203565
6.36837e-07  0.0019687
6.39195e-07  0.00190498
6.41554e-07  0.00184431
6.43913e-07  0.0017865
6.46271e-07  0.00173139
6.4863e-07  0.0016788
6.50989e-07  0.00162858
6.53347e-07  0.0015806
6.55706e-07  0.00153472
6.58065e-07  0.00149082
6.60423e-07  0.00144878
6.62782e-07  0.00140849
6.65141e-07  0.00136986
6.67499e-07  0.00133279
6.69858e-07  0.0012972
6.72216e-07  0.001263
6.74575e-07  0.00123011
6.76934e-07  0.00119848
6.79292e-07  0.00116803
6.81651e-07  0.0011387
6.8401e-07  0.00111043
6.86368e-07  0.00108318
6.88727e-07  0.00105689
6.91086e-07  0.00103152
6.93444e-07  0.00100702
6.95803e-07  0.000983345
6.98162e-07  0.000960466
7.0052e-07  0.000938345
7.02879e-07  0.000916947
7.05238e-07  0.000896239
7.07596e-07  0.000876192
7.09955e-07  0.000856779
7.12314e-07  0.00083797
7.14672e-07  0.000819743
7.17031e-07  0.000802072
7.1939e-07  0.000784935
7.21748e-07  0.000768311
7.24107e-07  0.000752179
7.26466e-07  0.00073652
7.28824e-07  0.000721315
7.31183e-07  0.000706548
7.33541e-07  0.000692202
7.359e-07  0.00067826
7.38259e-07  0.000664709
7.40617e-07  0.000651533
7.42976e-07  0.000638719
7.45335e-07  0.000626254
7.47693e-07  0.000614126
7.50052e-07  0.000602322
7.52411e-07  0.000590832
7.54769e-07  0.000579645
7.57128e-07  0.00056875
7.59487e-07  0.000558137
7.61845e-07  0.000547797
7.64204e-07  0.000537721
7.66563e-07  0.000527899
7.68921e-07  0.000518325
7.7128e-07  0.000508989
7.73639e-07  0.000499884
7.75997e-07  0.000491003
7.78356e-07  0.000482338
7.80715e-07  0.000473883
7.83073e-07  0.000465631
7.85432e-07  0.000457576
7.87791e-07  0.000449712
7.90149e-07  0.000442033
7.92508e-07  0.000434533
7.94867e-07  0.000427207
7.97225e-07  0.00042005
7.99584e-07  0.000413057
8.01942e-07  0.000406223
8.04301e-07  0.000399543
8.0666e-07  0.000393014
8.09018e-07  0.00038663
8.11377e-07  0.000380387
8.13736e-07  0.000374282
8.16094e-07  0.00036831
8.18453e-07  0.000362468
8.20812e-07  0.000356752
8.2317e-07  0.000351159
8.25529e-07  0.000345686
8.27888e-07  0.000340328
8.30246e-07  0.000335084
8.32605e-07  0.000329949
8.34964e-07  0.000324921
8.37322e-07  0.000319998
8.39681e-07  0.000315176
8.4204e-07  0.000310452
8.44398e-07  0.000305825
8.46757e-07  0.000301291
8.49116e-07  0.000296849
8.51474e-07  0.000292495
8.53833e-07  0.000288229
8.56192e-07  0.000284046
8.5855e-07  0.000279946
8.60909e-07  0.000275926
8.63267e-07  0.000271984
8.65626e-07  0.000268119
8.67985e-07  0.000264328
8.70343e-07  0.00026061
8.72702e-07  0.000256962
8.75061e-07  0.000253384
8.77419e-07  0.000249873
8.79778e-07  0.000246428
8.82137e-07  0.000243048
8.84495e-07  0.00023973
8.86854e-07  0.000236473
8.89213e-07  0.000233276
8.91571e-07  0.000230138
8.9393e-07  0.000227056
8.96289e-07  0.000224031
8.98647e-07  0.00022106
9.01006e-07  0.000218142
9.03365e-07  0.000215276
9.05723e-07  0.000212461
9.08082e-07  0.000209696
9.10441e-07  0.00020698
9.12799e-07  0.000204311
9.15158e-07  0.000201688
9.17517e-07  0.000199111
9.19875e-07  0.000196578
9.22234e-07  0.000194089
9.24593e-07  0.000191642
9.26951e-07  0.000189237
9.2931e-07  0.000186873
9.31668e-07  0.000184548
9.34027e-07  0.000182263
9.36386e-07  0.000180016
9.38744e-07  0.000177806
9.41103e-07  0.000175632
9.43462e-07  0.000173495
9.4582e-07  0.000171392
9.48179e-07  0.000169324
9.50538e-07  0.00016729
9.52896e-07  0.000165288
9.55255e-07  0.000163319
9.57614e-07  0.000161381
9.59972e-07  0.000159475
9.62331e-07  0.000157599
9.6469e-07  0.000155752
9.67048e-07  0.000153935
9.69407e-07  0.000152147
9.71766e-07  0.000150386
9.74124e-07  0.000148653
9.76483e-07  0.000146948
9.78842e-07  0.000145269
9.812e-07  0.000143616
9.83559e-07  0.000141989
9.85918e-07  0.000140388
9.88276e-07  0.000138811
9.90635e-07  0.00013726
9.92993e-07  0.000135734
9.95352e-07  0.000134232
9.97711e-07  0.000132755
1.00007e-06  0.000131302
1.00243e-06  0.000129875
1.00479e-06  0.000128473
1.00715e-06  0.000127098
1.0095e-06  0.00012575
1.01186e-06  0.00012443
1.01422e-06  0.00012314
1.01658e-06  0.000121882
1.01894e-06  0.000120659
1.0213e-06  0.000119474
1.02366e-06  0.000118331
1.02601e-06  0.000117235
1.02837e-06  0.000116192
1.03073e-06  0.000115211
1.03309e-06  0.000114299
1.03545e-06  0.000113468
1.03781e-06  0.000112732
1.04017e-06  0.000112105
1.04253e-06  0.000111606
1.04488e-06  0.000111259
1.04724e-06  0.000111089
1.0496e-06  0.000111126
1.05196e-06  0.000111408
1.05432e-06  0.000111977
1.05668e-06  0.000112883
1.05904e-06  0.000114183
1.06139e-06  0.000115944
1.06375e-06  0.000118244
1.06611e-06  0.00012117
1.06847e-06  0.000124825
1.07083e-06  0.000129325
1.07319e-06  0.000134802
1.07555e-06  0.000141406
1.07791e-06  0.000149307
1.08026e-06  0.000158695
1.08262e-06  0.000169785
1.08498e-06  0.000182815
1.08734e-06  0.000198053
1.0897e-06  0.000215794
1.09206e-06  0.000236363
1.09442e-06  0.00026012
1.09677e-06  0.000287457
1.09913e-06  0.000318803
1.10149e-06  0.000354622
1.10385e-06  0.000395417
1.10621e-06  0.000441728
1.10857e-06  0.000494131
1.11093e-06  0.000553241
1.11328e-06  0.000619708
1.11564e-06  0.000694216
1.118e-06  0.00077748
1.12036e-06  0.000870243
1.12272e-06  0.00097327
1.12508e-06  0.00108734
1.12744e-06  0.00121326
1.1298e-06  0.00135183
1.13215e-06  0.00150383
1.13451e-06  0.00167005
1.13687e-06  0.00185126
1.13923e-06  0.00204818
1.14159e-06  0.00226148
1.14395e-06  0.0024918
1.14631e-06  0.00273967
1.14866e-06  0.00300556
1.15102e-06  0.00328983
1.15338e-06  0.00359273
1.15574e-06  0.00391437
1.1581e-06  0.00425473
1.16046e-06  0.00461364
1.16282e-06  0.00499075
1.16518e-06  0.00538553
1.16753e-06  0.00579726
1.16989e-06  0.00622504
1.17225e-06  0.00666776
1.17461e-06  0.0071241
1.17697e-06  0.00759252
1.17933e-06  0.00807131
1.18169e-06  0.00855852
1.18404e-06  0.00905203
1.1864e-06  0.00954952
1.18876e-06  0.0100485
1.19112e-06  0.0105463
1.19348e-06  0.0110402
1.19584e-06  0.0115273
1.1982e-06  0.0120045
1.20056e-06  0.0124687
1.20291e-06  0.012917
1.20527e-06  0.013346
1.20763e-06  0.0137527
1.20999e-06  0.0141341
1.21235e-06  0.014487
1.21471e-06  0.0148086
1.21707e-06  0.015096
1.21942e-06  0.0153466
1.22178e-06  0.0155578
1.22414e-06  0.0157275
1.2265e-06  0.0158534
1.22886e-06  0.0159338
1.23122e-06  0.0159669
1.23358e-06  0.0159514
1.23593e-06  0.0158862
1.23829e-06  0.0157703
1.24065e-06  0.015603
1.24301e-06  0.0153841
1.24537e-06  0.0151133
1.24773e-06  0.0147907
1.25009e-06  0.0144167
1.25245e-06  0.0139916
1.2548e-06  0.0135163
1.25716e-06  0.0129916
1.25952e-06  0.0124186
1.26188e-06  0.0117986
1.26424e-06  0.0111329
1.2666e-06  0.0104231
1.26896e-06  0.00967078
1.27131e-06  0.00887786
1.27367e-06  0.00804621
1.27603e-06  0.00717789
1.27839e-06  0.00627507
1.28075e-06  0.00534003
1.28311e-06  0.00437519
1.28547e-06  0.00338306
1.28783e-06  0.00236631
1.29018e-06  0.00132773
1.29254e-06  0.00027021
1.2949e-06  -0.000803196
1.29726e-06  -0.00188933
1.29962e-06  -0.00298489
1.30198e-06  -0.00408647
1.30434e-06  -0.00519055
1.30669e-06  -0.00629351
1.30905e-06  -0.00739163
1.31141e-06  -0.00848114
1.31377e-06  -0.0095582
1.31613e-06  -0.010619
1.31849e-06  -0.0116595
1.32085e-06  -0.0126761
1.32321e-06  -0.0136649
1.32556e-06  -0.0146222
1.32792e-06  -0.0155444
1.33028e-06  -0.016428
1.33264e-06  -0.0172698
1.335e-06  -0.0180667
1.33736e-06  -0.0188159
1.33972e-06  -0.0195147
1.34207e-06  -0.0201608
1.34443e-06  -0.0207522
1.34679e-06  -0.0212871
1.34915e-06  -0.021764
1.35151e-06  -0.0221818
1.35387e-06  -0.0225396
1.35623e-06  -0.022837
1.35858e-06  -0.0230737
1.36094e-06  -0.0232497
1.3633e-06  -0.0233654
1.36566e-06  -0.0234213
1.36802e-06  -0.0234182
1.37038e-06  -0.0233571
1.37274e-06  -0.0232393
1.3751e-06  -0.0230661
1.37745e-06  -0.022839
1.37981e-06  -0.0225596
1.38217e-06  -0.0222299
1.38453e-06  -0.0218516
1.38689e-06  -0.0214266
1.38925e-06  -0.0209571
1.39161e-06  -0.0204452
1.39396e-06  -0.0198928
1.39632e-06  -0.0193024
1.39868e-06  -0.0186762
1.40104e-06  -0.0180165
1.4034e-06  -0.0173257
1.40576e-06  -0.0166062
1.40812e-06  -0.0158606
1.41048e-06  -0.0150914
1.41283e-06  -0.0143013
1.41519e-06  -0.0134931
1.41755e-06  -0.0126695
1.41991e-06  -0.0118333
1.42227e-06  -0.0109876
1.42463e-06  -0.0101353
1.42699e-06  -0.00927939
1.42934e-06  -0.00842297
1.4317e-06  -0.00756914
1.43406e-06  -0.00672097
1.43642e-06  -0.00588154
1.43878e-06  -0.00505388
1.44114e-06  -0.00424097
1.4435e-06  -0.00344568
1.44586e-06  -0.0026708
1.44821e-06  -0.00191897
1.45057e-06  -0.00119265
1.45293e-06  -0.000494158
1.45529e-06  0.000174431
1.45765e-06  0.00081125
1.46001e-06  0.00141468
1.46237e-06  0.00198336
1.46472e-06  0.00251621
1.46708e-06  0.00301241
1.46944e-06  0.00347144
1.4718e-06  0.00389307
1.47416e-06  0.00427734
1.47652e-06  0.00462457
1.47888e-06  0.00493537
1.48123e-06  0.00521059
1.48359e-06  0.00545134
1.48595e-06  0.00565893
1.48831e-06  0.00583491
1.49067e-06  0.00598099
1.49303e-06  0.00609906
1.49539e-06  0.00619115
1.49775e-06  0.0062594
1.5001e-06  0.00630604
1.50246e-06  0.00633338
1.50482e-06  0.00634375
1.50718e-06  0.00633952
1.50954e-06  0.00632305
1.5119e-06  0.00629668
1.51426e-06  0.00626271
1.51661e-06  0.00622337
1.51897e-06  0.00618081
1.52133e-06  0.00613711
1.52369e-06  0.00609424
1.52605e-06  0.00605402
1.52841e-06  0.0060182
1.53077e-06  0.00598835
1.53313e-06  0.00596593
1.53548e-06  0.00595226
1.53784e-06  0.00594848
1.5402e-06  0.00595561
1.54256e-06  0.00597452
1.54492e-06  0.00600592
1.54728e-06  0.00605037
1.54964e-06  0.00610829
1.55199e-06  0.00617997
1.55435e-06  0.00626552
1.55671e-06  0.00636496
1.55907e-06  0.00647814
1.56143e-06  0.00660481
1.56379e-06  0.00674458
1.56615e-06  0.00689695
1.56851e-06  0.0070613
1.57086e-06  0.00723693
1.57322e-06  0.007423
1.57558e-06  0.00761862
1.57794e-06  0.00782277
1.5803e-06  0.00803439
1.58266e-06  0.00825232
1.58502e-06  0.00847535
1.58737e-06  0.00870219
1.58973e-06  0.0089315
1.59209e-06  0.00916191
1.59445e-06  0.009392
1.59681e-06  0.00962031
1.59917e-06  0.00984534
1.60153e-06  0.0100656
1.60388e-06  0.0102796
1.60624e-06  0.0104857
1.6086e-06  0.0106826
1.61096e-06  0.0108685
1.61332e-06  0.0110421
1.61568e-06  0.0112018
1.61804e-06  0.0113461
1.6204e-06  0.0114737
1.62275e-06  0.0115831
1.62511e-06  0.011673
1.62747e-06  0.011742
1.62983e-06  0.011789
1.63219e-06  0.0118127
1.63455e-06  0.0118121
1.63691e-06  0.0117861
1.63926e-06  0.0117338
1.64162e-06  0.0116543
1.64398e-06  0.0115469
1.64634e-06  0.0114109
1.6487e-06  0.0112457
1.65106e-06  0.011051
1.65342e-06  0.0108265
1.65578e-06  0.0105718
1.65813e-06  0.0102871
1.66049e-06  0.00997224
1.66285e-06  0.00962754
1.66521e-06  0.00925328
1.66757e-06  0.00884993
1.66993e-06  0.00841808
1.67229e-06  0.00795844
1.67464e-06  0.00747186
1.677e-06  0.00695932
1.67936e-06  0.00642191
1.68172e-06  0.00586085
1.68408e-06  0.00527748
1.68644e-06  0.00467321
1.6888e-06  0.00404961
1.69116e-06  0.00340829
1.69351e-06  0.00275097
1.69587e-06  0.00207946
1.69823e-06  0.00139561
1.70059e-06  0.00070136
1.70295e-06  -1.31265e-06
1.70531e-06  -0.000710385
1.70767e-06  -0.0014238
1.71002e-06  -0.00213948
1.71238e-06  -0.00285532
1.71474e-06  -0.00356923
1.7171e-06  -0.00427911
1.71946e-06  -0.00498288
1.72182e-06  -0.00567847
1.72418e-06  -0.00636386
1.72653e-06  -0.00703705
1.72889e-06  -0.00769611
1.73125e-06  -0.00833913
1.73361e-06  -0.0089643
1.73597e-06  -0.00956985
1.73833e-06  -0.0101541
1.74069e-06  -0.0107155
1.74305e-06  -0.0112524
1.7454e-06  -0.0117635
1.74776e-06  -0.0122474
1.75012e-06  -0.012703
1.75248e-06  -0.013129
1.75484e-06  -0.0135244
1.7572e-06  -0.0138884
1.75956e-06  -0.0142201
1.76191e-06  -0.0145188
1.76427e-06  -0.0147839
1.76663e-06  -0.015015
1.76899e-06  -0.0152117
1.77135e-06  -0.0153736
1.77371e-06  -0.0155008
1.77607e-06  -0.0155931
1.77843e-06  -0.0156505
1.78078e-06  -0.0156734
1.78314e-06  -0.0156619
1.7855e-06  -0.0156165
1.78786e-06  -0.0155375
1.79022e-06  -0.0154257
1.79258e-06  -0.0152817
1.79494e-06  -0.0151062
1.79729e-06  -0.0149001
1.79965e-06  -0.0146645
1.80201e-06  -0.0144003
1.80437e-06  -0.0141086
1.80673e-06  -0.0137908
1.80909e-06  -0.013448
1.81145e-06  -0.0130816
1.81381e-06  -0.0126931
1.81616e-06  -0.0122839
1.81852e-06  -0.0118555
1.82088e-06  -0.0114097
1.82324e-06  -0.0109479
1.8256e-06  -0.0104719
1.82796e-06  -0.00998333
1.83032e-06  -0.00948397
1.83267e-06  -0.00897554
1.83503e-06  -0.00845979
1.83739e-06  -0.00793846
1.83975e-06  -0.00741329
1.84211e-06  -0.006886
1.84447e-06  -0.00635828
1.84683e-06  -0.00583181
1.84919e-06  -0.00530821
1.85154e-06  -0.00478905
1.8539e-06  -0.00427588
1.85626e-06  -0.00377015
1.85862e-06  -0.00327328
1.86098e-06  -0.00278659
1.86334e-06  -0.00231134
1.8657e-06  -0.00184872
1.86805e-06  -0.00139981
1.87041e-06  -0.000965623
1.87277e-06  -0.000547078
1.87513e-06  -0.000145
1.87749e-06  0.000239879
1.87985e-06  0.000606924
1.88221e-06  0.000955592
1.88456e-06  0.00128544
1.88692e-06  0.00159611
1.88928e-06  0.00188736
1.89164e-06  0.00215902
1.894e-06  0.00241101
1.89636e-06  0.00264336
1.89872e-06  0.00285617
1.90108e-06  0.00304963
1.90343e-06  0.00322401
1.90579e-06  0.00337964
1.90815e-06  0.00351694
1.91051e-06  0.00363639
1.91287e-06  0.00373854
1.91523e-06  0.00382398
1.91759e-06  0.00389336
1.91994e-06  0.00394738
1.9223e-06  0.00398678
1.92466e-06  0.00401231
1.92702e-06  0.00402479
1.92938e-06  0.00402501
1.93174e-06  0.00401383
1.9341e-06  0.00399207
1.93646e-06  0.00396059
1.93881e-06  0.00392022
1.94117e-06  0.0038718
1.94353e-06  0.00381616
1.94589e-06  0.0037541
1.94825e-06  0.00368639
1.95061e-06  0.0036138
1.95297e-06  0.00353706
1.95532e-06  0.00345685
1.95768e-06  0.00337384
1.96004e-06  0.00328865
1.9624e-06  0.00320186
1.96476e-06  0.003114
1.96712e-06  0.00302558
1.96948e-06  0.00293705
1.97184e-06  0.00284884
1.97419e-06  0.00276131
1.97655e-06  0.00267479
1.97891e-06  0.00258959
1.98127e-06  0.00250596
1.98363e-06  0.00242411
1.98599e-06  0.00234423
1.98835e-06  0.00226648
1.9907e-06  0.00219098
1.99306e-06  0.00211782
1.99542e-06  0.00204707
1.99778e-06  0.00197877
2.00014e-06  0.00191295
2.0025e-06  0.00184962
2.00486e-06  0.00178876
2.00721e-06  0.00173035
2.00957e-06  0.00167435
2.01193e-06  0.0016207
2.01429e-06  0.00156936
2.01665e-06  0.00152025
2.01901e-06  0.00147332
2.02137e-06  0.00142848
2.02373e-06  0.00138565
2.02608e-06  0.00134477
2.02844e-06  0.00130575
2.0308e-06  0.00126852
2.03316e-06  0.00123301
2.03552e-06  0.00119913
2.03788e-06  0.00116683
2.04024e-06  0.00113603
2.04259e-06  0.00110668
2.04495e-06  0.00107872
2.04731e-06  0.00105211
2.04967e-06  0.0010268
2.05203e-06  0.00100276
2.05439e-06  0.000979954
2.05675e-06  0.000958371
2.05911e-06  0.000937999
2.06146e-06  0.000918838
2.06382e-06  0.000900897
2.06618e-06  0.000884198
2.06854e-06  0.000868775
2.0709e-06  0.000854674
2.07326e-06  0.000841956
2.07562e-06  0.000830695
2.07797e-06  0.000820983
2.08033e-06  0.00081293
2.08269e-06  0.000806662
2.08505e-06  0.000802326
2.08741e-06  0.00080009
2.08977e-06  0.000800143
2.09213e-06  0.000802698
2.09449e-06  0.000807991
2.09684e-06  0.000816284
2.0992e-06  0.000827864
2.10156e-06  0.000843046
2.10392e-06  0.000862169
2.10628e-06  0.000885601
2.10864e-06  0.000913737
2.111e-06  0.000946997
2.11335e-06  0.000985826
2.11571e-06  0.00103069
2.11807e-06  0.00108209
2.12043e-06  0.00114053
2.12279e-06  0.00120652
2.12515e-06  0.00128063
2.12751e-06  0.00136338
2.12986e-06  0.00145532
2.13222e-06  0.00155701
2.13458e-06  0.00166898
2.13694e-06  0.00179174
2.1393e-06  0.0019258
2.14166e-06  0.0020716
2.14402e-06  0.00222958
2.14638e-06  0.00240009
2.14873e-06  0.00258346
2.15109e-06  0.00277991
2.15345e-06  0.00298961
2.15581e-06  0.00321262
2.15817e-06  0.0034489
2.16053e-06  0.00369833
2.16289e-06  0.00396064
2.16524e-06  0.00423545
2.1676e-06  0.00452224
2.16996e-06  0.00482037
2.17232e-06  0.00512904
2.17468e-06  0.0054473
2.17704e-06  0.00577409
2.1794e-06  0.00610818
2.18176e-06  0.00644819
2.18411e-06  0.00679261
2.18647e-06  0.00713983
2.18883e-06  0.00748807
2.19119e-06  0.00783546
2.19355e-06  0.00818005
2.19591e-06  0.00851978
2.19827e-06  0.00885252
2.20062e-06  0.00917611
2.20298e-06  0.00948835
2.20534e-06  0.00978701
2.2077e-06  0.0100699
2.21006e-06  0.0103348
2.21242e-06  0.0105796
2.21478e-06  0.0108022
2.21714e-06  0.0110007
2.21949e-06  0.0111731
2.22185e-06  0.0113177
2.22421e-06  0.0114329
2.22657e-06  0.0115172
2.22893e-06  0.0115693
2.23129e-06  0.011588
2.23365e-06  0.0115724
2.236e-06  0.0115216
2.23836e-06  0.0114351
2.24072e-06  0.0113123
2.24308e-06  0.0111532
2.24544e-06  0.0109575
2.2478e-06  0.0107254
2.25016e-06  0.010457
2.25251e-06  0.0101529
2.25487e-06  0.00981356
2.25723e-06  0.00943964
2.25959e-06  0.00903197
2.26195e-06  0.00859148
2.26431e-06  0.00811919
2.26667e-06  0.00761626
2.26903e-06  0.00708391
2.27138e-06  0.00652348
2.27374e-06  0.00593637
2.2761e-06  0.0053241
2.27846e-06  0.00468825
2.28082e-06  0.00403051
2.28318e-06  0.00335262
2.28554e-06  0.00265644
2.28789e-06  0.00194393
2.29025e-06  0.00121713
2.29261e-06  0.00047817
2.29497e-06  -0.00027069
2.29733e-06  -0.0010271
2.29969e-06  -0.00178861
2.30205e-06  -0.00255266
2.30441e-06  -0.00331657
2.30676e-06  -0.00407759
2.30912e-06  -0.00483287
2.31148e-06  -0.00557946
2.31384e-06  -0.00631436
2.3162e-06  -0.00703451
2.31856e-06  -0.00773679
2.32092e-06  -0.00841808
2.32327e-06  -0.00907522
2.32563e-06  -0.00970511
2.32799e-06  -0.0103047
2.33035e-06  -0.0108708
2.33271e-06  -0.0114007
2.33507e-06  -0.0118914
2.33743e-06  -0.0123402
2.33979e-06  -0.0127446
2.34214e-06  -0.0131021
2.3445e-06  -0.0134106
2.34686e-06  -0.013668
2.34922e-06  -0.0138725
2.35158e-06  -0.0140226
2.35394e-06  -0.0141168
2.3563e-06  -0.0141542
2.35865e-06  -0.0141337
2.36101e-06  -0.0140548
2.36337e-06  -0.013917
2.36573e-06  -0.0137204
2.36809e-06  -0.0134648
2.37045e-06  -0.0131508
2.37281e-06  -0.0127788
2.37516e-06  -0.0123496
2.37752e-06  -0.0118642
2.37988e-06  -0.0113239
2.38224e-06  -0.01073
2.3846e-06  -0.0100842
2.38696e-06  -0.00938834
2.38932e-06  -0.00864436
2.39168e-06  -0.00785451
2.39403e-06  -0.00702118
2.39639e-06  -0.00614697
2.39875e-06  -0.00523465
2.40111e-06  -0.00428719
2.40347e-06  -0.00330773
2.40583e-06  -0.0022996
2.40819e-06  -0.00126632
2.41054e-06  -0.000211556
2.4129e-06  0.000860831
2.41526e-06  0.00194684
2.41762e-06  0.0030423
2.41998e-06  0.00414294
2.42234e-06  0.00524432
2.4247e-06  0.00634194
2.42706e-06  0.00743119
2.42941e-06  0.0085074
2.43177e-06  0.00956588
2.43413e-06  0.0106019
2.43649e-06  0.0116108
2.43885e-06  0.0125878
2.44121e-06  0.0135285
2.44357e-06  0.0144283
2.44592e-06  0.0152829
2.44828e-06  0.0160882
2.45064e-06  0.01684
2.453e-06  0.0175348
2.45536e-06  0.0181688
2.45772e-06  0.018739
2.46008e-06  0.0192422
2.46244e-06  0.0196759
2.46479e-06  0.0200377
2.46715e-06  0.0203256
2.46951e-06  0.0205379
2.47187e-06  0.0206732
2.47423e-06  0.0207306
2.47659e-06  0.0207094
2.47895e-06  0.0206094
2.4813e-06  0.0204305
2.48366e-06  0.0201731
2.48602e-06  0.0198379
2.48838e-06  0.0194259
2.49074e-06  0.0189385
2.4931e-06  0.0183771
2.49546e-06  0.0177436
2.49781e-06  0.0170403
2.50017e-06  0.0162693
2.50253e-06  0.0154334
2.50489e-06  0.0145353
2.50725e-06  0.013578
2.50961e-06  0.0125648
2.51197e-06  0.0114991
2.51433e-06  0.0103844
2.51668e-06  0.00922444
2.51904e-06  0.00802314
2.5214e-06  0.00678449
2.52376e-06  0.00551263
2.52612e-06  0.00421183
2.52848e-06  0.00288645
2.53084e-06  0.00154093
2.53319e-06  0.000179819
2.53555e-06  -0.00119229
2.53791e-06  -0.00257075
2.54027e-06  -0.00395086
2.54263e-06  -0.00532793
2.54499e-06  -0.00669724
2.54735e-06  -0.00805411
2.54971e-06  -0.00939387
2.55206e-06  -0.0107119
2.55442e-06  -0.0120038
2.55678e-06  -0.013265
2.55914e-06  -0.0144912
2.5615e-06  -0.0156783
2.56386e-06  -0.0168223
2.56622e-06  -0.0179194
2.56857e-06  -0.018966
2.57093e-06  -0.0199587
2.57329e-06  -0.0208942
2.57565e-06  -0.0217699
2.57801e-06  -0.022583
2.58037e-06  -0.0233312
2.58273e-06  -0.0240126
2.58509e-06  -0.0246253
2.58744e-06  -0.0251681
2.5898e-06  -0.0256397
2.59216e-06  -0.0260395
2.59452e-06  -0.0263669
2.59688e-06  -0.026622
2.59924e-06  -0.0268048
2.6016e-06  -0.0269158
2.60395e-06  -0.0269558
2.60631e-06  -0.0269258
2.60867e-06  -0.0268272
2.61103e-06  -0.0266616
2.61339e-06  -0.0264308
2.61575e-06  -0.0261368
2.61811e-06  -0.0257819
2.62046e-06  -0.0253686
2.62282e-06  -0.0248993
2.62518e-06  -0.024377
2.62754e-06  -0.0238044
2.6299e-06  -0.0231846
2.63226e-06  -0.0225208
2.63462e-06  -0.021816
2.63698e-06  -0.0210737
2.63933e-06  -0.020297
2.64169e-06  -0.0194893
2.64405e-06  -0.018654
2.64641e-06  -0.0177944
2.64877e-06  -0.016914
2.65113e-06  -0.016016
2.65349e-06  -0.0151039
2.65584e-06  -0.0141808
2.6582e-06  -0.01325
2.66056e-06  -0.0123147
2.66292e-06  -0.0113781
2.66528e-06  -0.010443
2.66764e-06  -0.00951261
2.67e-06  -0.00858965
2.67236e-06  -0.00767691
2.67471e-06  -0.00677705
2.67707e-06  -0.00589262
2.67943e-06  -0.00502604
2.68179e-06  -0.00417961
2.68415e-06  -0.00335549
2.68651e-06  -0.00255569
2.68887e-06  -0.00178208
2.69122e-06  -0.0010364
2.69358e-06  -0.000320191
2.69594e-06  0.000365145
2.6983e-06  0.00101838
2.70066e-06  0.00163846
2.70302e-06  0.00222449
2.70538e-06  0.00277578
2.70774e-06  0.0032918
2.71009e-06  0.00377218
2.71245e-06  0.00421675
2.71481e-06  0.00462551
2.71717e-06  0.00499863
2.71953e-06  0.00533642
2.72189e-06  0.00563939
2.72425e-06  0.00590816
2.7266e-06  0.00614354
2.72896e-06  0.00634642
2.73132e-06  0.00651786
2.73368e-06  0.00665901
2.73604e-06  0.00677112
2.7384e-06  0.00685555
2.74076e-06  0.00691372
2.74311e-06  0.00694712
2.74547e-06  0.00695727
2.74783e-06  0.00694577
2.75019e-06  0.0069142
2.75255e-06  0.00686417
2.75491e-06  0.00679731
2.75727e-06  0.0067152
2.75963e-06  0.00661942
2.76198e-06  0.00651151
2.76434e-06  0.00639297
2.7667e-06  0.00626525
2.76906e-06  0.00612972
2.77142e-06  0.00598773
2.77378e-06  0.00584051
2.77614e-06  0.00568924
2.77849e-06  0.00553503
2.78085e-06  0.00537888
2.78321e-06  0.00522174
2.78557e-06  0.00506446
2.78793e-06  0.00490781
2.79029e-06  0.00475248
2.79265e-06  0.00459908
2.79501e-06  0.00444816
2.79736e-06  0.00430017
2.79972e-06  0.00415551
2.80208e-06  0.00401452
2.80444e-06  0.00387744
2.8068e-06  0.00374451
2.80916e-06  0.00361588
2.81152e-06  0.00349165
2.81387e-06  0.0033719
2.81623e-06  0.00325666
2.81859e-06  0.00314592
2.82095e-06  0.00303966
2.82331e-06  0.0029378
2.82567e-06  0.00284028
2.82803e-06  0.00274699
2.83039e-06  0.00265782
2.83274e-06  0.00257263
2.8351e-06  0.00249131
2.83746e-06  0.00241371
2.83982e-06  0.00233969
2.84218e-06  0.00226909
2.84454e-06  0.00220179
2.8469e-06  0.00213762
2.84925e-06  0.00207647
2.85161e-06  0.00201818
2.85397e-06  0.00196264
2.85633e-06  0.00190972
2.85869e-06  0.0018593
2.86105e-06  0.0018113
2.86341e-06  0.00176559
2.86577e-06  0.00172211
2.86812e-06  0.00168078
2.87048e-06  0.00164152
2.87284e-06  0.0016043
2.8752e-06  0.00156906
2.87756e-06  0.00153577
2.87992e-06  0.00150442
2.88228e-06  0.001475
2.88463e-06  0.00144752
2.88699e-06  0.00142199
2.88935e-06  0.00139847
2.89171e-06  0.00137699
2.89407e-06  0.00135761
2.89643e-06  0.00134042
2.89879e-06  0.00132551
2.90114e-06  0.00131298
2.9035e-06  0.00130295
2.90586e-06  0.00129557
2.90822e-06  0.00129097
2.91058e-06  0.00128933
2.91294e-06  0.00129083
2.9153e-06  0.00129565
2.91766e-06  0.00130399
2.92001e-06  0.00131608
2.92237e-06  0.00133213
2.92473e-06  0.00135238
2.92709e-06  0.00137707
2.92945e-06  0.00140643
2.93181e-06  0.00144073
2.93417e-06  0.00148021
2.93652e-06  0.00152511
2.93888e-06  0.00157568
2.94124e-06  0.00163216
2.9436e-06  0.00169476
2.94596e-06  0.0017637
2.94832e-06  0.00183918
2.95068e-06  0.00192137
2.95304e-06  0.00201043
2.95539e-06  0.00210648
2.95775e-06  0.00220961
2.96011e-06  0.00231989
2.96247e-06  0.00243736
2.96483e-06  0.00256199
2.96719e-06  0.00269374
2.96955e-06  0.00283251
2.9719e-06  0.00297815
2.97426e-06  0.00313049
2.97662e-06  0.00328927
2.97898e-06  0.00345421
2.98134e-06  0.00362496
2.9837e-06  0.00380113
2.98606e-06  0.00398229
2.98842e-06  0.00416792
2.99077e-06  0.00435749
2.99313e-06  0.00455039
2.99549e-06  0.00474599
2.99785e-06  0.0049436
3.00021e-06  0.00514248
3.00257e-06  0.00534186
3.00493e-06  0.00554093
3.00728e-06  0.00573885
3.00964e-06  0.00593473
3.012e-06  0.00612769
3.01436e-06  0.00631677
3.01672e-06  0.00650105
3.01908e-06  0.00667957
3.02144e-06  0.00685134
3.02379e-06  0.00701539
3.02615e-06  0.00717075
3.02851e-06  0.00731643
3.03087e-06  0.00745147
3.03323e-06  0.00757492
3.03559e-06  0.00768584
3.03795e-06  0.00778332
3.04031e-06  0.00786647
3.04266e-06  0.00793444
3.04502e-06  0.00798644
3.04738e-06  0.00802168
3.04974e-06  0.00803946
3.0521e-06  0.00803911
3.05446e-06  0.00802004
3.05682e-06  0.00798171
3.05917e-06  0.00792366
3.06153e-06  0.0078455
3.06389e-06  0.00774692
3.06625e-06  0.0076277
3.06861e-06  0.00748769
3.07097e-06  0.00732685
3.07333e-06  0.00714524
3.07569e-06  0.00694299
3.07804e-06  0.00672035
3.0804e-06  0.00647767
3.08276e-06  0.0062154
3.08512e-06  0.00593409
3.08748e-06  0.00563439
3.08984e-06  0.00531707
3.0922e-06  0.00498298
3.09455e-06  0.00463309
3.09691e-06  0.00426845
3.09927e-06  0.00389022
3.10163e-06  0.00349963
3.10399e-06  0.00309804
3.10635e-06  0.00268684
3.10871e-06  0.00226754
3.11107e-06  0.00184169
3.11342e-06  0.00141094
3.11578e-06  0.00097697
3.11814e-06  0.000541528
3.1205e-06  0.000106401
3.12286e-06  -0.000326587
3.12522e-06  -0.000755585
3.12758e-06  -0.00117872
3.12993e-06  -0.00159413
3.13229e-06  -0.00199991
3.13465e-06  -0.00239423
3.13701e-06  -0.00277523
3.13937e-06  -0.00314111
3.14173e-06  -0.00349012
3.14409e-06  -0.00382056
3.14644e-06  -0.00413079
3.1488e-06  -0.00441929
3.15116e-06  -0.0046846
3.15352e-06  -0.00492537
3.15588e-06  -0.0051404
3.15824e-06  -0.00532858
3.1606e-06  -0.00548897
3.16296e-06  -0.00562077
3.16531e-06  -0.00572334
3.16767e-06  -0.00579621
3.17003e-06  -0.0058391
3.17239e-06  -0.00585188
3.17475e-06  -0.00583463
3.17711e-06  -0.00578763
3.17947e-06  -0.00571131
3.18182e-06  -0.00560632
3.18418e-06  -0.00547349
3.18654e-06  -0.00531382
3.1889e-06  -0.00512852
3.19126e-06  -0.00491893
3.19362e-06  -0.00468656
3.19598e-06  -0.00443308
3.19834e-06  -0.00416028
3.20069e-06  -0.00387008
3.20305e-06  -0.00356449
3.20541e-06  -0.00324562
3.20777e-06  -0.00291563
3.21013e-06  -0.00257676
3.21249e-06  -0.00223126
3.21485e-06  -0.0018814
3.2172e-06  -0.00152944
3.21956e-06  -0.00117761
3.22192e-06  -0.000828121
3.22428e-06  -0.000483095
3.22664e-06  -0.000144597
3.229e-06  0.000185407
3.23136e-06  0.00050505
3.23372e-06  0.000812586
3.23607e-06  0.00110639
3.23843e-06  0.00138498
3.24079e-06  0.00164702
3.24315e-06  0.00189129
3.24551e-06  0.00211677
3.24787e-06  0.00232257
3.25023e-06  0.00250795
3.25258e-06  0.00267233
3.25494e-06  0.00281531
3.2573e-06  0.0029366
3.25966e-06  0.00303609
3.26202e-06  0.00311382
3.26438e-06  0.00316996
3.26674e-06  0.00320484
3.26909e-06  0.00321891
3.27145e-06  0.00321275
3.27381e-06  0.00318711
3.27617e-06  0.00314282
3.27853e-06  0.00308088
3.28089e-06  0.00300237
3.28325e-06  0.00290852
3.28561e-06  0.00280066
3.28796e-06  0.00268025
3.29032e-06  0.00254883
3.29268e-06  0.00240806
3.29504e-06  0.0022597
3.2974e-06  0.00210558
3.29976e-06  0.00194763
3.30212e-06  0.00178783
3.30447e-06  0.00162822
3.30683e-06  0.00147089
3.30919e-06  0.00131795
3.31155e-06  0.00117152
3.31391e-06  0.0010337
3.31627e-06  0.00090658
3.31863e-06  0.000792165
3.32099e-06  0.000692401
3.32334e-06  0.000609129
3.3257e-06  0.000544062
3.32806e-06  0.000498766
3.33042e-06  0.000474633
3.33278e-06  0.000472862
3.33514e-06  0.000494438
3.3375e-06  0.000540113
3.33985e-06  0.000610394
3.34221e-06  0.000705527
3.34457e-06  0.000825492
3.34693e-06  0.000969993
3.34929e-06  0.00113846
3.35165e-06  0.00133006
3.35401e-06  0.00154368
3.35637e-06  0.00177797
3.35872e-06  0.0020313
3.36108e-06  0.00230187
3.36344e-06  0.00258763
3.3658e-06  0.00288637
3.36816e-06  0.0031957
3.37052e-06  0.00351312
3.37288e-06  0.00383601
3.37523e-06  0.00416168
3.37759e-06  0.00448735
3.37995e-06  0.00481026
3.38231e-06  0.00512762
3.38467e-06  0.00543664
3.38703e-06  0.00573461
3.38939e-06  0.00601883
3.39174e-06  0.00628671
3.3941e-06  0.00653572
3.39646e-06  0.00676344
3.39882e-06  0.00696755
3.40118e-06  0.00714583
3.40354e-06  0.00729618
3.4059e-06  0.00741663
3.40826e-06  0.00750531
3.41061e-06  0.00756048
3.41297e-06  0.00758051
3.41533e-06  0.0075639
3.41769e-06  0.00750926
3.42005e-06  0.00741534
3.42241e-06  0.007281
3.42477e-06  0.00710523
3.42712e-06  0.00688718
3.42948e-06  0.00662611
3.43184e-06  0.00632146
3.4342e-06  0.00597282
3.43656e-06  0.00557997
3.43892e-06  0.00514288
3.44128e-06  0.00466171
3.44364e-06  0.00413687
3.44599e-06  0.00356897
3.44835e-06  0.00295889
3.45071e-06  0.00230778
3.45307e-06  0.00161703
3.45543e-06  0.000888361
3.45779e-06  0.000123736
3.46015e-06  -0.000674567
3.4625e-06  -0.00150398
3.46486e-06  -0.00236166
3.46722e-06  -0.00324448
3.46958e-06  -0.00414903
3.47194e-06  -0.00507168
3.4743e-06  -0.00600856
3.47666e-06  -0.00695558
3.47902e-06  -0.0079085
3.48137e-06  -0.00886292
3.48373e-06  -0.00981435
3.48609e-06  -0.0107582
3.48845e-06  -0.0116898
3.49081e-06  -0.0126047
3.49317e-06  -0.0134982
3.49553e-06  -0.0143658
3.49788e-06  -0.0152033
3.50024e-06  -0.0160064
3.5026e-06  -0.0167711
3.50496e-06  -0.0174936
3.50732e-06  -0.0181705
3.50968e-06  -0.0187985
3.51204e-06  -0.0193748
3.51439e-06  -0.0198966
3.51675e-06  -0.0203619
3.51911e-06  -0.0207687
3.52147e-06  -0.0211155
3.52383e-06  -0.0214011
3.52619e-06  -0.0216247
3.52855e-06  -0.0217859
3.53091e-06  -0.0218846
3.53326e-06  -0.021921
3.53562e-06  -0.0218957
3.53798e-06  -0.0218096
3.54034e-06  -0.0216637
3.5427e-06  -0.0214595
3.54506e-06  -0.0211988
3.54742e-06  -0.0208833
3.54977e-06  -0.0205152
3.55213e-06  -0.0200968
3.55449e-06  -0.0196306
3.55685e-06  -0.019119
3.55921e-06  -0.018565
3.56157e-06  -0.0179711
3.56393e-06  -0.0173405
3.56629e-06  -0.0166761
3.56864e-06  -0.0159809
3.571e-06  -0.015258
3.57336e-06  -0.0145106
3.57572e-06  -0.0137419
3.57808e-06  -0.0129548
3.58044e-06  -0.0121527
3.5828e-06  -0.0113387
3.58515e-06  -0.0105159
3.58751e-06  -0.00968732
3.58987e-06  -0.00885609
3.59223e-06  -0.00802519
3.59459e-06  -0.00719756
3.59695e-06  -0.00637606
3.59931e-06  -0.00556348
3.60167e-06  -0.00476251
3.60402e-06  -0.00397574
3.60638e-06  -0.00320566
3.60874e-06  -0.00245462
3.6111e-06  -0.00172484
3.61346e-06  -0.00101839
3.61582e-06  -0.000337198
3.61818e-06  0.00031699
3.62053e-06  0.000942591
3.62289e-06  0.00153821
3.62525e-06  0.00210263
3.62761e-06  0.00263484
3.62997e-06  0.00313403
3.63233e-06  0.00359958
3.63469e-06  0.00403108
3.63704e-06  0.00442832
3.6394e-06  0.00479131
3.64176e-06  0.00512022
3.64412e-06  0.00541545
3.64648e-06  0.00567756
3.64884e-06  0.0059073
3.6512e-06  0.00610559
3.65356e-06  0.00627349
3.65591e-06  0.00641223
3.65827e-06  0.00652314
3.66063e-06  0.0066077
3.66299e-06  0.00666748
3.66535e-06  0.00670413
3.66771e-06  0.00671938
3.67007e-06  0.00671504
3.67242e-06  0.00669294
3.67478e-06  0.00665494
3.67714e-06  0.00660295
3.6795e-06  0.00653885
3.68186e-06  0.00646453
3.68422e-06  0.00638187
3.68658e-06  0.0062927
3.68894e-06  0.00619883
3.69129e-06  0.00610203
3.69365e-06  0.00600399
3.69601e-06  0.00590639
3.69837e-06  0.00581079
3.70073e-06  0.00571873
3.70309e-06  0.00563164
3.70545e-06  0.00555091
3.7078e-06  0.00547783
3.71016e-06  0.00541362
3.71252e-06  0.00535941
3.71488e-06  0.00531627
3.71724e-06  0.00528518
3.7196e-06  0.00526701
3.72196e-06  0.00526258
3.72432e-06  0.00527261
3.72667e-06  0.00529775
3.72903e-06  0.00533853
3.73139e-06  0.00539542
3.73375e-06  0.0054688
3.73611e-06  0.00555895
3.73847e-06  0.00566605
3.74083e-06  0.00579021
3.74318e-06  0.00593143
3.74554e-06  0.00608961
3.7479e-06  0.00626455
3.75026e-06  0.00645597
3.75262e-06  0.00666346
3.75498e-06  0.00688653
3.75734e-06  0.00712458
3.7597e-06  0.00737691
3.76205e-06  0.00764272
3.76441e-06  0.0079211
3.76677e-06  0.00821105
3.76913e-06  0.00851147
3.77149e-06  0.00882116
3.77385e-06  0.00913884
3.77621e-06  0.00946315
3.77856e-06  0.00979263
3.78092e-06  0.0101257
3.78328e-06  0.0104609
3.78564e-06  0.0107965
3.788e-06  0.0111307
3.79036e-06  0.0114619
3.79272e-06  0.0117882
3.79507e-06  0.0121078
3.79743e-06  0.0124188
3.79979e-06  0.0127193
3.80215e-06  0.0130076
3.80451e-06  0.0132817
3.80687e-06  0.0135398
3.80923e-06  0.01378
3.81159e-06  0.0140006
3.81394e-06  0.0141998
3.8163e-06  0.0143758
3.81866e-06  0.014527
3.82102e-06  0.0146519
3.82338e-06  0.0147488
3.82574e-06  0.0148164
3.8281e-06  0.0148533
3.83045e-06  0.0148583
3.83281e-06  0.0148301
3.83517e-06  0.0147676
3.83753e-06  0.0146701
3.83989e-06  0.0145365
3.84225e-06  0.0143662
3.84461e-06  0.0141585
3.84697e-06  0.0139131
3.84932e-06  0.0136295
3.85168e-06  0.0133076
3.85404e-06  0.0129473
3.8564e-06  0.0125486
3.85876e-06  0.0121118
3.86112e-06  0.0116373
3.86348e-06  0.0111254
3.86583e-06  0.010577
3.86819e-06  0.00999272
3.87055e-06  0.00937358
3.87291e-06  0.00872065
3.87527e-06  0.00803516
3.87763e-06  0.00731849
3.87999e-06  0.00657217
3.88235e-06  0.00579785
3.8847e-06  0.00499732
3.88706e-06  0.00417251
3.88942e-06  0.00332548
3.89178e-06  0.00245839
3.89414e-06  0.00157354
3.8965e-06  0.000673315
3.89886e-06  -0.000239777
3.90121e-06  -0.00116315
3.90357e-06  -0.00209414
3.90593e-06  -0.00303
3.90829e-06  -0.00396793
3.91065e-06  -0.00490508
3.91301e-06  -0.00583856
3.91537e-06  -0.00676546
3.91772e-06  -0.00768286
3.92008e-06  -0.00858784
3.92244e-06  -0.00947751
3.9248e-06  -0.010349
3.92716e-06  -0.0111995
3.92952e-06  -0.0120263
3.93188e-06  -0.0128266
3.93424e-06  -0.0135979
3.93659e-06  -0.0143378
3.93895e-06  -0.0150438
3.94131e-06  -0.0157138
3.94367e-06  -0.0163457
3.94603e-06  -0.0169375
3.94839e-06  -0.0174875
3.95075e-06  -0.017994
3.9531e-06  -0.0184558
3.95546e-06  -0.0188716
3.95782e-06  -0.0192402
3.96018e-06  -0.0195611
3.96254e-06  -0.0198334
3.9649e-06  -0.0200567
3.96726e-06  -0.0202308
3.96962e-06  -0.0203557
3.97197e-06  -0.0204316
3.97433e-06  -0.0204586
3.97669e-06  -0.0204375
3.97905e-06  -0.0203688
3.98141e-06  -0.0202534
3.98377e-06  -0.0200924
3.98613e-06  -0.0198869
3.98848e-06  -0.0196383
3.99084e-06  -0.0193481
3.9932e-06  -0.0190178
3.99556e-06  -0.0186492
3.99792e-06  -0.018244
4.00028e-06  -0.0178042
4.00264e-06  -0.0173318
4.005e-06  -0.0168289
4.00735e-06  -0.0162976
4.00971e-06  -0.0157401
4.01207e-06  -0.0151587
4.01443e-06  -0.0145556
4.01679e-06  -0.0139332
4.01915e-06  -0.0132939
4.02151e-06  -0.0126398
4.02386e-06  -0.0119735
4.02622e-06  -0.0112972
4.02858e-06  -0.0106133
4.03094e-06  -0.00992395
4.0333e-06  -0.00923154
4.03566e-06  -0.00853824
4.03802e-06  -0.00784622
4.04037e-06  -0.00715759
4.04273e-06  -0.0064744
4.04509e-06  -0.00579863
4.04745e-06  -0.00513217
4.04981e-06  -0.00447683
4.05217e-06  -0.00383435
4.05453e-06  -0.00320634
4.05689e-06  -0.00259434
4.05924e-06  -0.00199977
4.0616e-06  -0.00142393
4.06396e-06  -0.000868017
4.06632e-06  -0.000333104
4.06868e-06  0.00017986
4.07104e-06  0.000670055
4.0734e-06  0.00113679
4.07575e-06  0.00157949
4.07811e-06  0.00199775
4.08047e-06  0.00239126
4.08283e-06  0.00275986
4.08519e-06  0.00310354
4.08755e-06  0.00342238
4.08991e-06  0.00371664
4.09227e-06  0.00398668
4.09462e-06  0.00423299
4.09698e-06  0.00445618
4.09934e-06  0.00465699
4.1017e-06  0.00483625
4.10406e-06  0.0049949
4.10642e-06  0.005134
4.10878e-06  0.00525467
4.11113e-06  0.00535813
4.11349e-06  0.00544567
4.11585e-06  0.00551863
4.11821e-06  0.00557844
4.12057e-06  0.00562653
4.12293e-06  0.00566439
4.12529e-06  0.00569353
4.12765e-06  0.00571546
4.13e-06  0.00573171
4.13236e-06  0.00574378
4.13472e-06  0.00575316
4.13708e-06  0.00576129
4.13944e-06  0.00576958
4.1418e-06  0.00577939
4.14416e-06  0.00579199
4.14651e-06  0.0058086
4.14887e-06  0.00583034
4.15123e-06  0.00585823
4.15359e-06  0.00589319
4.15595e-06  0.00593604
4.15831e-06  0.00598747
4.16067e-06  0.00604805
4.16302e-06  0.00611822
4.16538e-06  0.00619827
4.16774e-06  0.00628837
4.1701e-06  0.00638855
4.17246e-06  0.0064987
4.17482e-06  0.00661854
4.17718e-06  0.00674771
4.17954e-06  0.00688565
4.18189e-06  0.00703172
4.18425e-06  0.00718514
4.18661e-06  0.007345
4.18897e-06  0.00751031
4.19133e-06  0.00767996
4.19369e-06  0.00785276
4.19605e-06  0.00802745
4.1984e-06  0.00820274
4.20076e-06  0.00837724
4.20312e-06  0.00854959
4.20548e-06  0.00871838
4.20784e-06  0.00888224
4.2102e-06  0.00903979
4.21256e-06  0.00918973
4.21492e-06  0.00933077
4.21727e-06  0.00946174
4.21963e-06  0.00958153
4.22199e-06  0.00968914
4.22435e-06  0.00978369
4.22671e-06  0.00986442
4.22907e-06  0.00993071
4.23143e-06  0.00998209
4.23378e-06  0.0100182
4.23614e-06  0.0100389
4.2385e-06  0.0100442
4.24086e-06  0.0100341
4.24322e-06  0.0100089
4.24558e-06  0.00996913
4.24794e-06  0.00991522
4.2503e-06  0.00984786
4.25265e-06  0.00976783
4.25501e-06  0.00967599
4.25737e-06  0.0095733
4.25973e-06  0.00946077
4.26209e-06  0.00933948
4.26445e-06  0.00921053
4.26681e-06  0.00907506
4.26916e-06  0.00893417
4.27152e-06  0.00878899
4.27388e-06  0.00864061
4.27624e-06  0.00849007
4.2786e-06  0.00833836
4.28096e-06  0.00818642
4.28332e-06  0.00803509
4.28567e-06  0.00788516
4.28803e-06  0.00773732
4.29039e-06  0.00759217
4.29275e-06  0.00745021
4.29511e-06  0.00731186
4.29747e-06  0.00717744
4.29983e-06  0.00704718
4.30219e-06  0.00692122
4.30454e-06  0.00679961
4.3069e-06  0.00668233
4.30926e-06  0.00656927
4.31162e-06  0.00646027
4.31398e-06  0.00635508
4.31634e-06  0.0062534
4.3187e-06  0.00615488
4.32105e-06  0.00605913
4.32341e-06  0.00596568
4.32577e-06  0.00587406
4.32813e-06  0.00578375
4.33049e-06  0.00569419
4.33285e-06  0.00560479
4.33521e-06  0.00551496
4.33757e-06  0.00542407
4.33992e-06  0.00533146
4.34228e-06  0.00523649
4.34464e-06  0.00513846
4.347e-06  0.00503671
4.34936e-06  0.00493053
4.35172e-06  0.00481922
4.35408e-06  0.0047021
4.35643e-06  0.00457847
4.35879e-06  0.00444764
4.36115e-06  0.00430894
4.36351e-06  0.00416171
4.36587e-06  0.0040053
4.36823e-06  0.00383911
4.37059e-06  0.00366256
4.37295e-06  0.00347508
4.3753e-06  0.00327619
4.37766e-06  0.0030654
4.38002e-06  0.00284232
4.38238e-06  0.00260658
4.38474e-06  0.00235788
4.3871e-06  0.00209599
4.38946e-06  0.00182073
4.39181e-06  0.001532
4.39417e-06  0.00122977
4.39653e-06  0.000914093
4.39889e-06  0.000585084
4.40125e-06  0.000242945
4.40361e-06  -0.000112043
4.40597e-06  -0.000479522
4.40832e-06  -0.000859051
4.41068e-06  -0.00125011
4.41304e-06  -0.00165209
4.4154e-06  -0.00206432
4.41776e-06  -0.00248604
4.42012e-06  -0.00291641
4.42248e-06  -0.00335452
4.42484e-06  -0.0037994
4.42719e-06  -0.00425
4.42955e-06  -0.00470521
4.43191e-06  -0.00516385
4.43427e-06  -0.00562471
4.43663e-06  -0.00608651
4.43899e-06  -0.00654795
4.44135e-06  -0.00700766
4.4437e-06  -0.00746427
4.44606e-06  -0.0079164
4.44842e-06  -0.00836263
4.45078e-06  -0.00880155
4.45314e-06  -0.00923178
4.4555e-06  -0.00965192
4.45786e-06  -0.0100606
4.46022e-06  -0.0104566
4.46257e-06  -0.0108384
4.46493e-06  -0.0112051
4.46729e-06  -0.0115553
4.46965e-06  -0.0118879
4.47201e-06  -0.0122021
4.47437e-06  -0.0124967
4.47673e-06  -0.012771
4.47908e-06  -0.0130242
4.48144e-06  -0.0132556
4.4838e-06  -0.0134645
4.48616e-06  -0.0136507
4.48852e-06  -0.0138135
4.49088e-06  -0.0139527
4.49324e-06  -0.0140681
4.4956e-06  -0.0141595
4.49795e-06  -0.014227
4.50031e-06  -0.0142704
4.50267e-06  -0.0142899
4.50503e-06  -0.0142858
4.50739e-06  -0.0142581
4.50975e-06  -0.0142073
4.51211e-06  -0.0141337
4.51446e-06  -0.0140377
4.51682e-06  -0.0139199
4.51918e-06  -0.0137807
4.52154e-06  -0.0136208
4.5239e-06  -0.0134408
4.52626e-06  -0.0132414
4.52862e-06  -0.0130234
4.53097e-06  -0.0127876
4.53333e-06  -0.0125348
4.53569e-06  -0.012266
4.53805e-06  -0.011982
4.54041e-06  -0.0116839
4.54277e-06  -0.0113727
4.54513e-06  -0.0110494
4.54749e-06  -0.0107152
4.54984e-06  -0.0103711
4.5522e-06  -0.0100183
4.55456e-06  -0.00965789
4.55692e-06  -0.00929103
4.55928e-06  -0.00891885
4.56164e-06  -0.00854244
4.564e-06  -0.00816287
4.56635e-06  -0.00778118
4.56871e-06  -0.00739831
4.57107e-06  -0.00701517
4.57343e-06  -0.00663257
4.57579e-06  -0.00625124
4.57815e-06  -0.00587179
4.58051e-06  -0.00549472
4.58287e-06  -0.00512042
4.58522e-06  -0.00474916
4.58758e-06  -0.00438105
4.58994e-06  -0.0040161
4.5923e-06  -0.00365418
4.59466e-06  -0.00329501
4.59702e-06  -0.00293821
4.59938e-06  -0.00258327
4.60173e-06  -0.00222958
4.60409e-06  -0.00187643
4.60645e-06  -0.00152302
4.60881e-06  -0.00116849
4.61117e-06  -0.00081195
4.61353e-06  -0.000452448
4.61589e-06  -8.90408e-05
4.61825e-06  0.000279206
4.6206e-06  0.000653197
4.62296e-06  0.00103378
4.62532e-06  0.00142174
4.62768e-06  0.00181776
4.63004e-06  0.0022224
4.6324e-06  0.00263612
4.63476e-06  0.0030592
4.63711e-06  0.0034918
4.63947e-06  0.00393387
4.64183e-06  0.00438522
4.64419e-06  0.00484544
4.64655e-06  0.00531395
4.64891e-06  0.00578998
4.65127e-06  0.00627256
4.65363e-06  0.00676055
4.65598e-06  0.00725262
4.65834e-06  0.00774727
4.6607e-06  0.00824285
4.66306e-06  0.00873756
4.66542e-06  0.00922945
4.66778e-06  0.0097165
4.67014e-06  0.0101965
4.67249e-06  0.0106674
4.67485e-06  0.0111266
4.67721e-06  0.0115721
4.67957e-06  0.0120013
4.68193e-06  0.0124119
4.68429e-06  0.0128016
4.68665e-06  0.0131681
4.689e-06  0.013509
4.69136e-06  0.0138221
4.69372e-06  0.0141054
4.69608e-06  0.0143567
4.69844e-06  0.0145741
4.7008e-06  0.0147557
4.70316e-06  0.0149
4.70552e-06  0.0150052
4.70787e-06  0.0150701
4.71023e-06  0.0150932
4.71259e-06  0.0150735
4.71495e-06  0.01501
4.71731e-06  0.0149019
4.71967e-06  0.0147486
4.72203e-06  0.0145497
4.72438e-06  0.0143048
4.72674e-06  0.014014
4.7291e-06  0.0136773
4.73146e-06  0.0132949
4.73382e-06  0.0128673
4.73618e-06  0.0123953
4.73854e-06  0.0118796
4.7409e-06  0.0113212
4.74325e-06  0.0107214
4.74561e-06  0.0100815
4.74797e-06  0.00940311
4.75033e-06  0.00868801
4.75269e-06  0.00793812
4.75505e-06  0.00715552
4.75741e-06  0.00634251
4.75976e-06  0.0055015
4.76212e-06  0.00463508
4.76448e-06  0.00374597
4.76684e-06  0.00283706
4.7692e-06  0.00191131
4.77156e-06  0.000971832
4.77392e-06  2.18242e-05
4.77628e-06  -0.000935431
4.77863e-06  -0.00189658
4.78099e-06  -0.00285823
4.78335e-06  -0.00381694
4.78571e-06  -0.00476925
4.78807e-06  -0.00571173
4.79043e-06  -0.00664093
4.79279e-06  -0.00755348
4.79514e-06  -0.00844605
4.7975e-06  -0.00931541
4.79986e-06  -0.0101584
4.80222e-06  -0.010972
4.80458e-06  -0.0117534
4.80694e-06  -0.0124998
4.8093e-06  -0.0132086
4.81165e-06  -0.0138775
4.81401e-06  -0.0145043
4.81637e-06  -0.015087
4.81873e-06  -0.0156239
4.82109e-06  -0.0161135
4.82345e-06  -0.0165545
4.82581e-06  -0.0169458
4.82817e-06  -0.0172866
4.83052e-06  -0.0175764
4.83288e-06  -0.0178148
4.83524e-06  -0.0180018
4.8376e-06  -0.0181374
4.83996e-06  -0.0182221
4.84232e-06  -0.0182563
4.84468e-06  -0.0182409
4.84703e-06  -0.0181769
4.84939e-06  -0.0180654
4.85175e-06  -0.0179077
4.85411e-06  -0.0177053
4.85647e-06  -0.01746
4.85883e-06  -0.0171733
4.86119e-06  -0.0168473
4.86355e-06  -0.0164839
4.8659e-06  -0.0160851
4.86826e-06  -0.0156532
4.87062e-06  -0.0151904
4.87298e-06  -0.0146989
4.87534e-06  -0.0141811
4.8777e-06  -0.0136393
4.88006e-06  -0.0130759
4.88241e-06  -0.0124932
4.88477e-06  -0.0118937
4.88713e-06  -0.0112796
4.88949e-06  -0.0106534
4.89185e-06  -0.0100174
4.89421e-06  -0.00937387
4.89657e-06  -0.00872509
4.89893e-06  -0.0080733
4.90128e-06  -0.00742065
4.90364e-06  -0.00676928
4.906e-06  -0.00612124
4.90836e-06  -0.00547853
4.91072e-06  -0.00484309
4.91308e-06  -0.00421677
4.91544e-06  -0.00360135
4.91779e-06  -0.00299851
4.92015e-06  -0.00240988
4.92251e-06  -0.00183695
4.92487e-06  -0.00128114
4.92723e-06  -0.000743768
4.92959e-06  -0.000226038
4.93195e-06  0.000270953
4.9343e-06  0.000746225
4.93666e-06  0.00119891
4.93902e-06  0.00162827
4.94138e-06  0.00203367
4.94374e-06  0.00241461
4.9461e-06  0.00277073
4.94846e-06  0.00310177
4.95082e-06  0.00340759
4.95317e-06  0.00368821
4.95553e-06  0.00394373
4.95789e-06  0.00417438
4.96025e-06  0.00438052
4.96261e-06  0.00456259
4.96497e-06  0.00472115
4.96733e-06  0.00485686
4.96968e-06  0.00497045
4.97204e-06  0.00506274
4.9744e-06  0.00513464
4.97676e-06  0.0051871
4.97912e-06  0.00522114
4.98148e-06  0.00523781
4.98384e-06  0.0052382
4.9862e-06  0.00522346
4.98855e-06  0.0051947
4.99091e-06  0.00515309
4.99327e-06  0.00509977
4.99563e-06  0.00503587
4.99799e-06  0.00496253
5.00035e-06  0.00488084
5.00271e-06  0.00479187
5.00506e-06  0.00469665
5.00742e-06  0.00459617
5.00978e-06  0.00449138
5.01214e-06  0.00438316
5.0145e-06  0.00427237
5.01686e-06  0.00415978
5.01922e-06  0.00404613
5.02158e-06  0.00393209
5.02393e-06  0.00381828
5.02629e-06  0.00370527
5.02865e-06  0.00359355
5.03101e-06  0.0034836
5.03337e-06  0.00337581
5.03573e-06  0.00327055
5.03809e-06  0.00316813
5.04044e-06  0.00306883
5.0428e-06  0.00297291
5.04516e-06  0.00288056
5.04752e-06  0.00279198
5.04988e-06  0.00270733
5.05224e-06  0.00262675
5.0546e-06  0.00255037
5.05695e-06  0.00247832
5.05931e-06  0.00241071
5.06167e-06  0.00234766
5.06403e-06  0.00228929
5.06639e-06  0.00223573
5.06875e-06  0.00218712
5.07111e-06  0.00214361
5.07347e-06  0.00210537
5.07582e-06  0.0020726
5.07818e-06  0.0020455
5.08054e-06  0.00202432
5.0829e-06  0.00200933
5.08526e-06  0.00200082
5.08762e-06  0.00199913
5.08998e-06  0.00200461
5.09233e-06  0.00201764
5.09469e-06  0.00203866
5.09705e-06  0.00206811
5.09941e-06  0.00210648
5.10177e-06  0.00215426
5.10413e-06  0.00221201
5.10649e-06  0.00228026
5.10885e-06  0.00235961
5.1112e-06  0.00245064
5.11356e-06  0.00255396
5.11592e-06  0.00267017
5.11828e-06  0.00279989
5.12064e-06  0.00294372
5.123e-06  0.00310225
5.12536e-06  0.00327607
5.12771e-06  0.00346572
5.13007e-06  0.00367172
5.13243e-06  0.00389453
5.13479e-06  0.00413459
5.13715e-06  0.00439226
5.13951e-06  0.00466783
5.14187e-06  0.00496153
5.14423e-06  0.00527349
5.14658e-06  0.00560376
5.14894e-06  0.00595229
5.1513e-06  0.0063189
5.15366e-06  0.00670333
5.15602e-06  0.00710517
5.15838e-06  0.00752389
5.16074e-06  0.00795884
5.16309e-06  0.00840922
5.16545e-06  0.0088741
5.16781e-06  0.00935241
5.17017e-06  0.00984293
5.17253e-06  0.0103443
5.17489e-06  0.0108551
5.17725e-06  0.0113736
5.1796e-06  0.0118981
5.18196e-06  0.0124268
5.18432e-06  0.0129576
5.18668e-06  0.0134885
5.18904e-06  0.0140172
5.1914e-06  0.0145417
5.19376e-06  0.0150594
5.19612e-06  0.0155681
5.19847e-06  0.0160653
5.20083e-06  0.0165487
5.20319e-06  0.0170158
5.20555e-06  0.0174642
5.20791e-06  0.0178916
5.21027e-06  0.0182956
5.21263e-06  0.018674
5.21498e-06  0.0190247
5.21734e-06  0.0193457
5.2197e-06  0.019635
5.22206e-06  0.0198908
5.22442e-06  0.0201116
5.22678e-06  0.0202958
5.22914e-06  0.0204423
5.2315e-06  0.0205498
5.23385e-06  0.0206176
5.23621e-06  0.0206447
5.23857e-06  0.0206308
5.24093e-06  0.0205754
5.24329e-06  0.0204783
5.24565e-06  0.0203397
5.24801e-06  0.0201595
5.25036e-06  0.0199382
5.25272e-06  0.0196762
5.25508e-06  0.019374
5.25744e-06  0.0190326
5.2598e-06  0.0186525
5.26216e-06  0.0182348
5.26452e-06  0.0177804
5.26688e-06  0.0172903
5.26923e-06  0.0167657
5.27159e-06  0.0162076
5.27395e-06  0.0156173
5.27631e-06  0.0149957
5.27867e-06  0.0143442
5.28103e-06  0.0136638
5.28339e-06  0.0129558
5.28574e-06  0.0122212
5.2881e-06  0.0114612
5.29046e-06  0.010677
5.29282e-06  0.00986973
5.29518e-06  0.00904059
5.29754e-06  0.00819076
5.2999e-06  0.00732147
5.30225e-06  0.00643399
5.30461e-06  0.00552962
5.30697e-06  0.00460973
5.30933e-06  0.00367574
5.31169e-06  0.00272917
5.31405e-06  0.00177158
5.31641e-06  0.000804613
5.31877e-06  -0.00016999
5.32112e-06  -0.00115043
5.32348e-06  -0.00213482
5.32584e-06  -0.00312123
5.3282e-06  -0.00410763
5.33056e-06  -0.00509199
5.33292e-06  -0.0060722
5.33528e-06  -0.00704615
5.33763e-06  -0.00801172
5.33999e-06  -0.00896681
5.34235e-06  -0.00990933
5.34471e-06  -0.0108372
5.34707e-06  -0.0117486
5.34943e-06  -0.0126414
5.35179e-06  -0.013514
5.35415e-06  -0.0143645
5.3565e-06  -0.0151915
5.35886e-06  -0.0159935
5.36122e-06  -0.0167691
5.36358e-06  -0.0175172
5.36594e-06  -0.0182367
5.3683e-06  -0.0189268
5.37066e-06  -0.0195866
5.37301e-06  -0.0202154
5.37537e-06  -0.0208129
5.37773e-06  -0.0213785
5.38009e-06  -0.0219119
5.38245e-06  -0.0224129
5.38481e-06  -0.0228812
5.38717e-06  -0.0233169
5.38953e-06  -0.0237197
5.39188e-06  -0.0240896
5.39424e-06  -0.0244267
5.3966e-06  -0.0247307
5.39896e-06  -0.0250018
5.40132e-06  -0.0252398
5.40368e-06  -0.0254447
5.40604e-06  -0.0256164
5.40839e-06  -0.0257547
5.41075e-06  -0.0258595
5.41311e-06  -0.0259308
5.41547e-06  -0.0259684
5.41783e-06  -0.025972
5.42019e-06  -0.0259418
5.42255e-06  -0.0258775
5.4249e-06  -0.025779
5.42726e-06  -0.0256466
5.42962e-06  -0.0254801
5.43198e-06  -0.0252799
5.43434e-06  -0.0250461
5.4367e-06  -0.0247791
5.43906e-06  -0.0244793
5.44142e-06  -0.0241474
5.44377e-06  -0.0237841
5.44613e-06  -0.0233901
5.44849e-06  -0.0229664
5.45085e-06  -0.022514
5.45321e-06  -0.022034
5.45557e-06  -0.0215277
5.45793e-06  -0.0209964
5.46028e-06  -0.0204413
5.46264e-06  -0.019864
5.465e-06  -0.0192659
5.46736e-06  -0.0186483
5.46972e-06  -0.0180128
5.47208e-06  -0.0173607
5.47444e-06  -0.0166934
5.4768e-06  -0.0160123
5.47915e-06  -0.0153185
5.48151e-06  -0.0146133
5.48387e-06  -0.0138976
5.48623e-06  -0.0131724
5.48859e-06  -0.0124386
5.49095e-06  -0.011697
5.49331e-06  -0.0109481
5.49566e-06  -0.0101925
5.49802e-06  -0.00943061
5.50038e-06  -0.00866288
5.50274e-06  -0.00788957
5.5051e-06  -0.00711094
5.50746e-06  -0.0063272
5.50982e-06  -0.00553855
5.51218e-06  -0.0047452
5.51453e-06  -0.00394736
5.51689e-06  -0.0031453
5.51925e-06  -0.00233933
5.52161e-06  -0.00152986
5.52397e-06  -0.000717354
5.52633e-06  9.75911e-05
5.52869e-06  0.000914279
5.53104e-06  0.00173189
5.5334e-06  0.00254947
5.53576e-06  0.00336594
5.53812e-06  0.00418009
5.54048e-06  0.00499059
5.54284e-06  0.00579596
5.5452e-06  0.00659465
5.54756e-06  0.00738498
5.54991e-06  0.00816516
5.55227e-06  0.00893337
5.55463e-06  0.00968771
5.55699e-06  0.0104262
5.55935e-06  0.0111469
5.56171e-06  0.0118479
5.56407e-06  0.0125271
5.56642e-06  0.0131826
5.56878e-06  0.0138126
5.57114e-06  0.0144152
5.5735e-06  0.0149887
5.57586e-06  0.0155314
5.57822e-06  0.0160418
5.58058e-06  0.0165184
5.58293e-06  0.0169599
5.58529e-06  0.0173651
5.58765e-06  0.0177329
5.59001e-06  0.0180625
5.59237e-06  0.018353
5.59473e-06  0.0186038
5.59709e-06  0.0188143
5.59945e-06  0.0189842
5.6018e-06  0.0191131
5.60416e-06  0.0192009
5.60652e-06  0.0192475
5.60888e-06  0.019253
5.61124e-06  0.0192175
5.6136e-06  0.0191411
5.61596e-06  0.0190243
5.61831e-06  0.0188673
5.62067e-06  0.0186706
5.62303e-06  0.0184347
5.62539e-06  0.01816
5.62775e-06  0.0178471
5.63011e-06  0.0174967
5.63247e-06  0.0171094
5.63483e-06  0.0166859
5.63718e-06  0.0162268
5.63954e-06  0.015733
5.6419e-06  0.0152052
5.64426e-06  0.0146443
5.64662e-06  0.0140512
5.64898e-06  0.0134268
5.65134e-06  0.012772
5.65369e-06  0.012088
5.65605e-06  0.0113758
5.65841e-06  0.0106366
5.66077e-06  0.00987183
5.66313e-06  0.00908271
5.66549e-06  0.00827075
5.66785e-06  0.00743752
5.67021e-06  0.00658468
5.67256e-06  0.00571403
5.67492e-06  0.00482745
5.67728e-06  0.00392697
5.67964e-06  0.0030147
5.682e-06  0.00209289
5.68436e-06  0.00116388
5.68672e-06  0.00023013
5.68907e-06  -0.000705808
5.69143e-06  -0.00164129
5.69379e-06  -0.0025736
5.69615e-06  -0.00349995
5.69851e-06  -0.0044175
5.70087e-06  -0.00532336
5.70323e-06  -0.00621464
5.70558e-06  -0.00708842
5.70794e-06  -0.00794182
5.7103e-06  -0.00877196
5.71266e-06  -0.00957603
5.71502e-06  -0.0103513
5.71738e-06  -0.0110951
5.71974e-06  -0.0118048
5.7221e-06  -0.0124782
5.72445e-06  -0.0131128
5.72681e-06  -0.0137065
5.72917e-06  -0.0142574
5.73153e-06  -0.0147637
5.73389e-06  -0.0152238
5.73625e-06  -0.0156363
5.73861e-06  -0.0160001
5.74096e-06  -0.0163142
5.74332e-06  -0.0165778
5.74568e-06  -0.0167904
5.74804e-06  -0.0169518
5.7504e-06  -0.0170618
5.75276e-06  -0.0171205
5.75512e-06  -0.0171283
5.75748e-06  -0.0170856
5.75983e-06  -0.0169933
5.76219e-06  -0.0168521
5.76455e-06  -0.0166631
5.76691e-06  -0.0164276
5.76927e-06  -0.0161469
5.77163e-06  -0.0158224
5.77399e-06  -0.0154559
5.77634e-06  -0.015049
5.7787e-06  -0.0146037
5.78106e-06  -0.0141217
5.78342e-06  -0.0136051
5.78578e-06  -0.0130561
5.78814e-06  -0.0124767
5.7905e-06  -0.0118692
5.79286e-06  -0.0112357
5.79521e-06  -0.0105786
5.79757e-06  -0.0099002
5.79993e-06  -0.00920284
5.80229e-06  -0.00848889
5.80465e-06  -0.00776072
5.80701e-06  -0.00702073
5.80937e-06  -0.00627132
5.81172e-06  -0.00551489
5.81408e-06  -0.00475384
5.81644e-06  -0.00399055
5.8188e-06  -0.0032274
5.82116e-06  -0.00246673
5.82352e-06  -0.00171087
5.82588e-06  -0.000962109
5.82823e-06  -0.0002227
5.83059e-06  0.000505159
5.83295e-06  0.00121932
5.83531e-06  0.0019177
5.83767e-06  0.00259828
5.84003e-06  0.00325913
5.84239e-06  0.00389841
5.84475e-06  0.00451436
5.8471e-06  0.00510534
5.84946e-06  0.0056698
5.85182e-06  0.00620632
5.85418e-06  0.00671361
5.85654e-06  0.0071905
5.8589e-06  0.00763596
5.86126e-06  0.00804909
5.86361e-06  0.00842913
5.86597e-06  0.00877548
5.86833e-06  0.00908768
5.87069e-06  0.0093654
5.87305e-06  0.00960849
5.87541e-06  0.00981691
5.87777e-06  0.00999077
5.88013e-06  0.0101303
5.88248e-06  0.010236
5.88484e-06  0.0103083
5.8872e-06  0.0103478
5.88956e-06  0.0103554
5.89192e-06  0.0103318
5.89428e-06  0.0102781
5.89664e-06  0.0101953
5.89899e-06  0.0100847
5.90135e-06  0.00994744
5.90371e-06  0.00978486
5.90607e-06  0.00959837
5.90843e-06  0.00938942
5.91079e-06  0.00915952
5.91315e-06  0.00891023
5.91551e-06  0.00864314
5.91786e-06  0.0083599
5.92022e-06  0.00806214
5.92258e-06  0.00775156
5.92494e-06  0.00742984
5.9273e-06  0.0070987
5.92966e-06  0.00675984
5.93202e-06  0.00641497
5.93437e-06  0.00606579
5.93673e-06  0.00571401
5.93909e-06  0.0053613
5.94145e-06  0.00500932
5.94381e-06  0.0046597
5.94617e-06  0.00431406
5.94853e-06  0.00397397
5.95088e-06  0.00364096
5.95324e-06  0.00331653
5.9556e-06  0.00300211
5.95796e-06  0.00269911
5.96032e-06  0.00240884
5.96268e-06  0.00213257
5.96504e-06  0.0018715
5.9674e-06  0.00162675
5.96975e-06  0.00139935
5.97211e-06  0.00119026
5.97447e-06  0.00100034
5.97683e-06  0.000830355
5.97919e-06  0.000680961
5.98155e-06  0.000552719
5.98391e-06  0.000446073
5.98626e-06  0.000361359
5.98862e-06  0.000298791
5.99098e-06  0.000258469
5.99334e-06  0.000240369
5.9957e-06  0.000244346
5.99806e-06  0.000270134
6.00042e-06  0.000317344
6.00278e-06  0.000385469
6.00513e-06  0.000473881
6.00749e-06  0.000581838
6.00985e-06  0.000708485
6.01221e-06  0.000852858
6.01457e-06  0.00101389
6.01693e-06  0.00119042
6.01929e-06  0.00138119
6.02164e-06  0.00158486
6.024e-06  0.00180001
6.02636e-06  0.00202514
6.02872e-06  0.0022587
6.03108e-06  0.00249908
6.03344e-06  0.00274462
6.0358e-06  0.00299361
6.03816e-06  0.00324432
6.04051e-06  0.00349499
6.04287e-06  0.00374385
6.04523e-06  0.00398912
6.04759e-06  0.00422901
6.04995e-06  0.00446174
6.05231e-06  0.00468556
6.05467e-06  0.00489873
6.05702e-06  0.00509955
6.05938e-06  0.00528634
6.06174e-06  0.00545749
6.0641e-06  0.00561143
6.06646e-06  0.00574666
6.06882e-06  0.00586174
6.07118e-06  0.00595532
6.07353e-06  0.00602612
6.07589e-06  0.00607297
6.07825e-06  0.00609478
6.08061e-06  0.00609059
6.08297e-06  0.00605952
6.08533e-06  0.00600085
6.08769e-06  0.00591397
6.09005e-06  0.00579839
6.0924e-06  0.0056538
6.09476e-06  0.00548
6.09712e-06  0.00527697
6.09948e-06  0.00504483
6.10184e-06  0.00478386
6.1042e-06  0.00449452
6.10656e-06  0.00417744
6.10891e-06  0.00383341
6.11127e-06  0.00346338
6.11363e-06  0.0030685
6.11599e-06  0.00265008
6.11835e-06  0.00220958
6.12071e-06  0.00174866
6.12307e-06  0.0012691
6.12543e-06  0.00077286
6.12778e-06  0.000262042
6.13014e-06  -0.00026112
6.1325e-06  -0.000794263
6.13486e-06  -0.00133491
6.13722e-06  -0.00188048
6.13958e-06  -0.0024283
6.14194e-06  -0.00297564
6.14429e-06  -0.00351969
6.14665e-06  -0.00405764
6.14901e-06  -0.00458662
6.15137e-06  -0.00510378
6.15373e-06  -0.0056063
6.15609e-06  -0.00609137
6.15845e-06  -0.00655628
6.16081e-06  -0.00699837
6.16316e-06  -0.00741508
6.16552e-06  -0.00780398
6.16788e-06  -0.00816279
6.17024e-06  -0.00848936
6.1726e-06  -0.00878171
6.17496e-06  -0.00903807
6.17732e-06  -0.00925684
6.17967e-06  -0.00943664
6.18203e-06  -0.0095763
6.18439e-06  -0.00967488
6.18675e-06  -0.00973168
6.18911e-06  -0.00974619
6.19147e-06  -0.00971816
6.19383e-06  -0.00964757
6.19618e-06  -0.00953459
6.19854e-06  -0.00937965
6.2009e-06  -0.00918335
6.20326e-06  -0.00894651
6.20562e-06  -0.00867012
6.20798e-06  -0.00835536
6.21034e-06  -0.00800355
6.2127e-06  -0.00761617
6.21505e-06  -0.00719483
6.21741e-06  -0.00674126
6.21977e-06  -0.00625728
6.22213e-06  -0.00574481
6.22449e-06  -0.00520584
6.22685e-06  -0.00464243
6.22921e-06  -0.00405669
6.23156e-06  -0.00345078
6.23392e-06  -0.00282689
6.23628e-06  -0.00218724
6.23864e-06  -0.00153407
6.241e-06  -0.00086966
6.24336e-06  -0.000196293
6.24572e-06  0.000483722
6.24808e-06  0.00116806
6.25043e-06  0.00185437
6.25279e-06  0.00254029
6.25515e-06  0.00322343
6.25751e-06  0.00390137
6.25987e-06  0.00457166
6.26223e-06  0.00523184
6.26459e-06  0.00587942
6.26694e-06  0.00651187
6.2693e-06  0.00712666
6.27166e-06  0.00772123
6.27402e-06  0.00829301
6.27638e-06  0.00883946
6.27874e-06  0.00935801
6.2811e-06  0.00984616
6.28346e-06  0.0103014
6.28581e-06  0.0107214
6.28817e-06  0.0111037
6.29053e-06  0.0114462
6.29289e-06  0.0117467
6.29525e-06  0.0120032
6.29761e-06  0.012214
6.29997e-06  0.0123774
6.30232e-06  0.0124921
6.30468e-06  0.0125568
6.30704e-06  0.0125707
6.3094e-06  0.012533
6.31176e-06  0.0124433
6.31412e-06  0.0123015
6.31648e-06  0.0121077
6.31883e-06  0.0118625
6.32119e-06  0.0115665
6.32355e-06  0.0112207
6.32591e-06  0.0108263
6.32827e-06  0.0103849
6.33063e-06  0.00989824
6.33299e-06  0.00936826
6.33535e-06  0.00879711
6.3377e-06  0.00818713
6.34006e-06  0.00754079
6.34242e-06  0.00686067
6.34478e-06  0.00614947
6.34714e-06  0.00540993
6.3495e-06  0.00464488
6.35186e-06  0.00385712
6.35421e-06  0.0030495
6.35657e-06  0.00222483
6.35893e-06  0.0013859
6.36129e-06  0.00053547
6.36365e-06  -0.000323757
6.36601e-06  -0.00118913
6.36837e-06  -0.00205805
6.37073e-06  -0.00292797
6.37308e-06  -0.00379641
6.37544e-06  -0.00466091
6.3778e-06  -0.00551908
6.38016e-06  -0.00636854
6.38252e-06  -0.00720695
6.38488e-06  -0.00803197
6.38724e-06  -0.0088413
6.38959e-06  -0.00963262
6.39195e-06  -0.0104036
6.39431e-06  -0.011152
6.39667e-06  -0.0118754
6.39903e-06  -0.0125716
6.40139e-06  -0.0132383
6.40375e-06  -0.0138731
6.40611e-06  -0.0144738
6.40846e-06  -0.0150382
6.41082e-06  -0.0155641
6.41318e-06  -0.0160496
6.41554e-06  -0.0164924
6.4179e-06  -0.0168909
6.42026e-06  -0.0172432
6.42262e-06  -0.0175478
6.42497e-06  -0.0178031
6.42733e-06  -0.0180081
6.42969e-06  -0.0181616
6.43205e-06  -0.0182628
6.43441e-06  -0.018311
6.43677e-06  -0.018306
6.43913e-06  -0.0182476
6.44148e-06  -0.0181357
6.44384e-06  -0.0179708
6.4462e-06  -0.0177533
6.44856e-06  -0.017484
6.45092e-06  -0.0171637
6.45328e-06  -0.0167936
6.45564e-06  -0.0163749
6.458e-06  -0.0159089
6.46035e-06  -0.0153972
6.46271e-06  -0.0148414
6.46507e-06  -0.0142431
6.46743e-06  -0.0136043
6.46979e-06  -0.0129265
6.47215e-06  -0.0122118
6.47451e-06  -0.011462
6.47686e-06  -0.0106789
6.47922e-06  -0.00986455
6.48158e-06  -0.00902079
6.48394e-06  -0.00814956
6.4863e-06  -0.00725279
6.48866e-06  -0.00633243
6.49102e-06  -0.00539045
6.49338e-06  -0.00442884
6.49573e-06  -0.00344963
6.49809e-06  -0.00245491
6.50045e-06  -0.0014468
6.50281e-06  -0.000427509
6.50517e-06  0.000600688
6.50753e-06  0.00163544
6.50989e-06  0.00267429
6.51224e-06  0.00371473
6.5146e-06  0.00475413
6.51696e-06  0.00578978
6.51932e-06  0.00681889
6.52168e-06  0.00783861
6.52404e-06  0.00884601
6.5264e-06  0.00983812
6.52876e-06  0.0108119
6.53111e-06  0.0117644
6.53347e-06  0.0126926
6.53583e-06  0.0135934
6.53819e-06  0.014464
6.54055e-06  0.0153014
6.54291e-06  0.0161029
6.54527e-06  0.0168658
6.54762e-06  0.0175875
6.54998e-06  0.0182657
6.55234e-06  0.0188982
6.5547e-06  0.0194828
6.55706e-06  0.0200179
6.55942e-06  0.0205017
6.56178e-06  0.0209328
6.56414e-06  0.0213099
6.56649e-06  0.0216322
6.56885e-06  0.0218988
6.57121e-06  0.0221091
6.57357e-06  0.0222628
6.57593e-06  0.0223597
6.57829e-06  0.0223998
6.58065e-06  0.0223834
6.583e-06  0.0223107
6.58536e-06  0.0221824
6.58772e-06  0.0219991
6.59008e-06  0.0217616
6.59244e-06  0.0214708
6.5948e-06  0.0211278
6.59716e-06  0.0207336
6.59951e-06  0.0202896
6.60187e-06  0.0197971
6.60423e-06  0.0192574
6.60659e-06  0.018672
6.60895e-06  0.0180426
6.61131e-06  0.0173707
6.61367e-06  0.016658
6.61603e-06  0.0159063
6.61838e-06  0.0151175
6.62074e-06  0.0142935
6.6231e-06  0.0134363
6.62546e-06  0.0125479
6.62782e-06  0.0116305
6.63018e-06  0.0106864
6.63254e-06  0.00971774
6.63489e-06  0.00872704
6.63725e-06  0.00771669
6.63961e-06  0.00668922
6.64197e-06  0.0056472
6.64433e-06  0.00459326
6.64669e-06  0.00353008
6.64905e-06  0.00246038
6.65141e-06  0.00138689
6.65376e-06  0.000312383
6.65612e-06  -0.000760391
6.65848e-06  -0.00182868
6.66084e-06  -0.00288975
6.6632e-06  -0.00394092
6.66556e-06  -0.00497955
6.66792e-06  -0.00600306
6.67027e-06  -0.00700895
6.67263e-06  -0.00799481
6.67499e-06  -0.00895834
6.67735e-06  -0.00989733
6.67971e-06  -0.0108097
6.68207e-06  -0.0116935
6.68443e-06  -0.0125469
6.68679e-06  -0.0133682
6.68914e-06  -0.0141558
6.6915e-06  -0.0149084
6.69386e-06  -0.0156246
6.69622e-06  -0.0163034
6.69858e-06  -0.0169436
6.70094e-06  -0.0175445
6.7033e-06  -0.0181054
6.70565e-06  -0.0186255
6.70801e-06  -0.0191044
6.71037e-06  -0.0195417
6.71273e-06  -0.0199371
6.71509e-06  -0.0202904
6.71745e-06  -0.0206016
6.71981e-06  -0.0208706
6.72216e-06  -0.0210976
6.72452e-06  -0.0212827
6.72688e-06  -0.0214263
6.72924e-06  -0.0215286
6.7316e-06  -0.02159
6.73396e-06  -0.0216112
6.73632e-06  -0.0215927
6.73868e-06  -0.0215351
6.74103e-06  -0.0214392
6.74339e-06  -0.0213058
6.74575e-06  -0.0211357
6.74811e-06  -0.02093
6.75047e-06  -0.0206898
6.75283e-06  -0.020416
6.75519e-06  -0.02011
6.75754e-06  -0.0197729
6.7599e-06  -0.0194061
6.76226e-06  -0.019011
6.76462e-06  -0.0185889
6.76698e-06  -0.0181415
6.76934e-06  -0.0176703
6.7717e-06  -0.0171767
6.77406e-06  -0.0166624
6.77641e-06  -0.0161289
6.77877e-06  -0.015578
6.78113e-06  -0.0150112
6.78349e-06  -0.0144301
6.78585e-06  -0.0138363
6.78821e-06  -0.0132313
6.79057e-06  -0.0126166
6.79292e-06  -0.0119937
6.79528e-06  -0.0113639
6.79764e-06  -0.0107286
6.8e-06  -0.010089
6.80236e-06  -0.00944636
6.80472e-06  -0.00880167
6.80708e-06  -0.00815597
6.80944e-06  -0.00751019
6.81179e-06  -0.00686514
6.81415e-06  -0.00622156
6.81651e-06  -0.00558013
6.81887e-06  -0.0049414
6.82123e-06  -0.00430588
6.82359e-06  -0.00367398
6.82595e-06  -0.00304608
6.8283e-06  -0.00242245
6.83066e-06  -0.00180335
6.83302e-06  -0.00118898
6.83538e-06  -0.000579505
6.83774e-06  2.49428e-05
6.8401e-06  0.00062424
6.84246e-06  0.00121827
6.84481e-06  0.00180693
6.84717e-06  0.00239009
6.84953e-06  0.00296762
6.85189e-06  0.00353935
6.85425e-06  0.00410508
6.85661e-06  0.00466458
6.85897e-06  0.00521757
6.86133e-06  0.00576373
6.86368e-06  0.00630267
6.86604e-06  0.00683397
6.8684e-06  0.00735714
6.87076e-06  0.00787162
6.87312e-06  0.00837682
6.87548e-06  0.00887207
6.87784e-06  0.00935667
6.88019e-06  0.00982985
6.88255e-06  0.0102908
6.88491e-06  0.0107387
6.88727e-06  0.0111726
6.88963e-06  0.0115917
6.89199e-06  0.011995
6.89435e-06  0.0123815
6.89671e-06  0.0127503
6.89906e-06  0.0131004
6.90142e-06  0.0134309
6.90378e-06  0.0137408
6.90614e-06  0.0140291
6.9085e-06  0.014295
6.91086e-06  0.0145377
6.91322e-06  0.0147561
6.91557e-06  0.0149496
6.91793e-06  0.0151174
6.92029e-06  0.0152588
6.92265e-06  0.0153731
6.92501e-06  0.0154597
6.92737e-06  0.015518
6.92973e-06  0.0155476
6.93209e-06  0.015548
6.93444e-06  0.0155189
6.9368e-06  0.0154599
6.93916e-06  0.0153708
6.94152e-06  0.0152513
6.94388e-06  0.0151014
6.94624e-06  0.0149209
6.9486e-06  0.0147098
6.95095e-06  0.0144682
6.95331e-06  0.0141962
6.95567e-06  0.0138938
6.95803e-06  0.0135614
6.96039e-06  0.0131993
6.96275e-06  0.0128076
6.96511e-06  0.012387
6.96746e-06  0.0119378
6.96982e-06  0.0114606
6.97218e-06  0.010956
6.97454e-06  0.0104248
6.9769e-06  0.00986768
6.97926e-06  0.00928555
6.98162e-06  0.00867937
6.98398e-06  0.00805018
6.98633e-06  0.00739913
6.98869e-06  0.00672747
6.99105e-06  0.00603653
6.99341e-06  0.00532776
6.99577e-06  0.0046027
6.99813e-06  0.00386299
7.00049e-06  0.00311038
7.00284e-06  0.00234671
7.0052e-06  0.00157392
7.00756e-06  0.000794023
7.00992e-06  9.13802e-06
7.01228e-06  -0.000778551
7.01464e-06  -0.00156679
7.017e-06  -0.00235327
7.01936e-06  -0.00313562
7.02171e-06  -0.00391144
7.02407e-06  -0.00467832
7.02643e-06  -0.00543382
7.02879e-06  -0.0061755
7.03115e-06  -0.00690095
7.03351e-06  -0.00760779
7.03587e-06  -0.00829369
7.03822e-06  -0.00895636
7.04058e-06  -0.00959362
7.04294e-06  -0.0102034
7.0453e-06  -0.0107836
7.04766e-06  -0.0113324
7.05002e-06  -0.0118481
7.05238e-06  -0.012329
7.05474e-06  -0.0127737
7.05709e-06  -0.0131809
7.05945e-06  -0.0135495
7.06181e-06  -0.0138785
7.06417e-06  -0.0141671
7.06653e-06  -0.0144148
7.06889e-06  -0.014621
7.07125e-06  -0.0147856
7.0736e-06  -0.0149086
7.07596e-06  -0.0149899
7.07832e-06  -0.0150299
7.08068e-06  -0.015029
7.08304e-06  -0.0149878
7.0854e-06  -0.0149071
7.08776e-06  -0.0147877
7.09011e-06  -0.0146306
7.09247e-06  -0.0144368
7.09483e-06  -0.0142077
7.09719e-06  -0.0139445
7.09955e-06  -0.0136486
7.10191e-06  -0.0133214
7.10427e-06  -0.0129644
7.10663e-06  -0.0125793
7.10898e-06  -0.0121675
7.11134e-06  -0.0117307
7.1137e-06  -0.0112704
7.11606e-06  -0.0107884
7.11842e-06  -0.0102863
7.12078e-06  -0.00976559
7.12314e-06  -0.00922795
7.12549e-06  -0.00867493
7.12785e-06  -0.00810809
7.13021e-06  -0.00752892
7.13257e-06  -0.0069389
7.13493e-06  -0.00633946
7.13729e-06  -0.00573198
7.13965e-06  -0.00511779
7.14201e-06  -0.00449819
7.14436e-06  -0.0038744
7.14672e-06  -0.00324761
7.14908e-06  -0.00261894
7.15144e-06  -0.00198948
7.1538e-06  -0.00136025
7.15616e-06  -0.000732201
7.15852e-06  -0.00010626
7.16087e-06  0.000516719
7.16323e-06  0.00113593
7.16559e-06  0.00175063
7.16795e-06  0.00236011
7.17031e-06  0.00296374
7.17267e-06  0.00356091
7.17503e-06  0.00415109
7.17739e-06  0.00473378
7.17974e-06  0.00530855
7.1821e-06  0.00587499
7.18446e-06  0.00643276
7.18682e-06  0.00698156
7.18918e-06  0.00752111
7.19154e-06  0.00805121
7.1939e-06  0.00857167
7.19625e-06  0.00908234
7.19861e-06  0.00958311
7.20097e-06  0.0100739
7.20333e-06  0.0105546
7.20569e-06  0.0110253
7.20805e-06  0.0114859
7.21041e-06  0.0119363
7.21276e-06  0.0123767
7.21512e-06  0.012807
7.21748e-06  0.0132271
7.21984e-06  0.0136372
7.2222e-06  0.0140371
7.22456e-06  0.0144269
7.22692e-06  0.0148064
7.22928e-06  0.0151756
7.23163e-06  0.0155342
7.23399e-06  0.0158821
7.23635e-06  0.016219
7.23871e-06  0.0165446
7.24107e-06  0.0168583
7.24343e-06  0.0171599
7.24579e-06  0.0174486
7.24814e-06  0.0177238
7.2505e-06  0.0179847
7.25286e-06  0.0182305
7.25522e-06  0.0184602
7.25758e-06  0.0186727
7.25994e-06  0.018867
7.2623e-06  0.0190417
7.26466e-06  0.0191954
7.26701e-06  0.0193269
7.26937e-06  0.0194346
7.27173e-06  0.0195169
7.27409e-06  0.0195723
7.27645e-06  0.0195992
7.27881e-06  0.019596
7.28117e-06  0.0195609
7.28352e-06  0.0194926
7.28588e-06  0.0193894
7.28824e-06  0.0192498
7.2906e-06  0.0190727
7.29296e-06  0.0188566
7.29532e-06  0.0186007
7.29768e-06  0.0183039
7.30004e-06  0.0179656
7.30239e-06  0.0175852
7.30475e-06  0.0171625
7.30711e-06  0.0166975
7.30947e-06  0.0161903
7.31183e-06  0.0156415
7.31419e-06  0.0150517
7.31655e-06  0.014422
7.3189e-06  0.0137536
7.32126e-06  0.0130481
7.32362e-06  0.0123071
7.32598e-06  0.0115327
7.32834e-06  0.0107271
7.3307e-06  0.00989259
7.33306e-06  0.00903182
7.33541e-06  0.00814749
7.33777e-06  0.00724243
7.34013e-06  0.00631959
7.34249e-06  0.00538199
7.34485e-06  0.00443271
7.34721e-06  0.00347485
7.34957e-06  0.00251155
7.35193e-06  0.0015459
7.35428e-06  0.000580988
7.35664e-06  -0.000380136
7.359e-06  -0.00133448
7.36136e-06  -0.00227913
7.36372e-06  -0.00321121
7.36608e-06  -0.00412795
7.36844e-06  -0.00502664
7.37079e-06  -0.00590464
7.37315e-06  -0.00675939
7.37551e-06  -0.00758843
7.37787e-06  -0.00838932
7.38023e-06  -0.00915974
7.38259e-06  -0.00989739
7.38495e-06  -0.0106001
7.38731e-06  -0.0112656
7.38966e-06  -0.0118919
7.39202e-06  -0.012477
7.39438e-06  -0.013019
7.39674e-06  -0.0135158
7.3991e-06  -0.0139659
7.40146e-06  -0.0143675
7.40382e-06  -0.014719
7.40617e-06  -0.0150192
7.40853e-06  -0.0152667
7.41089e-06  -0.0154604
7.41325e-06  -0.0155995
7.41561e-06  -0.0156833
7.41797e-06  -0.0157113
7.42033e-06  -0.0156834
7.42269e-06  -0.0155997
7.42504e-06  -0.0154605
7.4274e-06  -0.0152665
7.42976e-06  -0.0150186
7.43212e-06  -0.014718
7.43448e-06  -0.0143664
7.43684e-06  -0.0139656
7.4392e-06  -0.0135177
7.44155e-06  -0.0130252
7.44391e-06  -0.0124909
7.44627e-06  -0.0119175
7.44863e-06  -0.0113084
7.45099e-06  -0.010667
7.45335e-06  -0.00999679
7.45571e-06  -0.00930154
7.45807e-06  -0.00858511
7.46042e-06  -0.00785146
7.46278e-06  -0.00710463
7.46514e-06  -0.00634867
7.4675e-06  -0.00558768
7.46986e-06  -0.00482572
7.47222e-06  -0.00406682
7.47458e-06  -0.00331496
7.47693e-06  -0.00257401
7.47929e-06  -0.00184776
7.48165e-06  -0.00113988
7.48401e-06  -0.000453895
7.48637e-06  0.000206808
7.48873e-06  0.000839002
7.49109e-06  0.00143963
7.49344e-06  0.00200579
7.4958e-06  0.0025348
7.49816e-06  0.00302413
7.50052e-06  0.00347146
7.50288e-06  0.00387466
7.50524e-06  0.0042318
7.5076e-06  0.00454115
7.50996e-06  0.0048012
7.51231e-06  0.00501064
7.51467e-06  0.00516838
7.51703e-06  0.00527355
7.51939e-06  0.00532549
7.52175e-06  0.00532378
7.52411e-06  0.00526822
7.52647e-06  0.00515886
7.52882e-06  0.00499594
7.53118e-06  0.00477999
7.53354e-06  0.00451173
7.5359e-06  0.00419214
7.53826e-06  0.00382244
7.54062e-06  0.00340406
7.54298e-06  0.00293868
7.54534e-06  0.00242819
7.54769e-06  0.00187471
7.55005e-06  0.00128056
7.55241e-06  0.000648251
7.55477e-06  -1.94944e-05
7.55713e-06  -0.000719792
7.55949e-06  -0.00144959
7.56185e-06  -0.00220568
7.5642e-06  -0.00298473
7.56656e-06  -0.00378329
7.56892e-06  -0.00459779
7.57128e-06  -0.00542459
7.57364e-06  -0.00626
7.576e-06  -0.00710024
7.57836e-06  -0.00794155
7.58072e-06  -0.00878013
7.58307e-06  -0.0096122
7.58543e-06  -0.010434
7.58779e-06  -0.0112418
7.59015e-06  -0.0120321
7.59251e-06  -0.0128011
7.59487e-06  -0.0135456
7.59723e-06  -0.0142621
7.59958e-06  -0.0149475
7.60194e-06  -0.0155988
7.6043e-06  -0.016213
7.60666e-06  -0.0167876
7.60902e-06  -0.0173201
7.61138e-06  -0.0178082
7.61374e-06  -0.0182499
7.61609e-06  -0.0186435
7.61845e-06  -0.0189873
7.62081e-06  -0.0192802
7.62317e-06  -0.0195211
7.62553e-06  -0.0197094
7.62789e-06  -0.0198444
7.63025e-06  -0.019926
7.63261e-06  -0.0199544
7.63496e-06  -0.0199297
7.63732e-06  -0.0198526
7.63968e-06  -0.019724
7.64204e-06  -0.0195449
7.6444e-06  -0.0193166
7.64676e-06  -0.0190407
7.64912e-06  -0.0187188
7.65147e-06  -0.0183528
7.65383e-06  -0.0179448
7.65619e-06  -0.017497
7.65855e-06  -0.0170117
7.66091e-06  -0.0164913
7.66327e-06  -0.0159383
7.66563e-06  -0.0153554
7.66799e-06  -0.0147451
7.67034e-06  -0.0141101
7.6727e-06  -0.013453
7.67506e-06  -0.0127764
7.67742e-06  -0.0120831
7.67978e-06  -0.0113755
7.68214e-06  -0.0106561
7.6845e-06  -0.00992753
7.68685e-06  -0.00919203
7.68921e-06  -0.00845193
7.69157e-06  -0.00770944
7.69393e-06  -0.00696667
7.69629e-06  -0.0062256
7.69865e-06  -0.00548816
7.70101e-06  -0.00475611
7.70337e-06  -0.00403115
7.70572e-06  -0.00331484
7.70808e-06  -0.00260863
7.71044e-06  -0.00191388
7.7128e-06  -0.00123182
7.71516e-06  -0.000563574
7.71752e-06  8.98394e-05
7.71988e-06  0.00072751
7.72223e-06  0.00134864
7.72459e-06  0.00195252
7.72695e-06  0.00253856
7.72931e-06  0.00310628
7.73167e-06  0.00365528
7.73403e-06  0.00418529
7.73639e-06  0.0046961
7.73874e-06  0.00518765
7.7411e-06  0.00565992
7.74346e-06  0.00611303
7.74582e-06  0.00654717
7.74818e-06  0.00696261
7.75054e-06  0.00735972
7.7529e-06  0.00773894
7.75526e-06  0.00810078
7.75761e-06  0.00844581
7.75997e-06  0.00877467
7.76233e-06  0.00908803
7.76469e-06  0.00938662
7.76705e-06  0.00967119
7.76941e-06  0.00994251
7.77177e-06  0.0102013
7.77412e-06  0.0104485
7.77648e-06  0.0106847
7.77884e-06  0.0109106
7.7812e-06  0.0111271
7.78356e-06  0.0113347
7.78592e-06  0.0115339
7.78828e-06  0.0117254
7.79064e-06  0.0119096
7.79299e-06  0.0120868
7.79535e-06  0.0122573
7.79771e-06  0.0124213
7.80007e-06  0.0125787
7.80243e-06  0.0127297
7.80479e-06  0.012874
7.80715e-06  0.0130114
7.8095e-06  0.0131415
7.81186e-06  0.013264
7.81422e-06  0.0133783
7.81658e-06  0.0134837
7.81894e-06  0.0135796
7.8213e-06  0.0136652
7.82366e-06  0.0137397
7.82602e-06  0.0138021
7.82837e-06  0.0138516
7.83073e-06  0.0138871
7.83309e-06  0.0139078
7.83545e-06  0.0139126
7.83781e-06  0.0139005
7.84017e-06  0.0138705
7.84253e-06  0.0138217
7.84488e-06  0.0137532
7.84724e-06  0.013664
7.8496e-06  0.0135533
7.85196e-06  0.0134204
7.85432e-06  0.0132645
7.85668e-06  0.0130849
7.85904e-06  0.0128811
7.86139e-06  0.0126527
7.86375e-06  0.0123992
7.86611e-06  0.0121203
7.86847e-06  0.0118158
7.87083e-06  0.0114856
7.87319e-06  0.0111298
7.87555e-06  0.0107485
7.87791e-06  0.0103419
7.88026e-06  0.00991041
7.88262e-06  0.0094545
7.88498e-06  0.00897478
7.88734e-06  0.00847201
7.8897e-06  0.00794706
7.89206e-06  0.00740094
7.89442e-06  0.00683479
7.89677e-06  0.00624988
7.89913e-06  0.00564764
7.90149e-06  0.0050296
7.90385e-06  0.00439745
7.90621e-06  0.00375298
7.90857e-06  0.00309815
7.91093e-06  0.002435
7.91329e-06  0.00176571
7.91564e-06  0.00109255
7.918e-06  0.000417909
7.92036e-06  -0.000255757
7.92272e-06  -0.000925901
7.92508e-06  -0.00158992
7.92744e-06  -0.00224515
7.9298e-06  -0.00288892
7.93215e-06  -0.00351851
7.93451e-06  -0.00413122
7.93687e-06  -0.00472438
7.93923e-06  -0.00529532
7.94159e-06  -0.00584148
7.94395e-06  -0.00636034
7.94631e-06  -0.00684949
7.94867e-06  -0.00730665
7.95102e-06  -0.00772966
7.95338e-06  -0.00811652
7.95574e-06  -0.00846542
7.9581e-06  -0.0087747
7.96046e-06  -0.00904295
7.96282e-06  -0.00926893
7.96518e-06  -0.00945166
7.96753e-06  -0.00959038
7.96989e-06  -0.00968457
7.97225e-06  -0.00973397
7.97461e-06  -0.00973855
7.97697e-06  -0.00969856
7.97933e-06  -0.00961447
7.98169e-06  -0.00948701
7.98404e-06  -0.00931714
7.9864e-06  -0.00910607
7.98876e-06  -0.00885519
7.99112e-06  -0.00856616
7.99348e-06  -0.00824078
7.99584e-06  -0.00788108
7.9982e-06  -0.00748924
8.00056e-06  -0.00706758
8.00291e-06  -0.00661859
8.00527e-06  -0.00614485
8.00763e-06  -0.00564908
8.00999e-06  -0.00513405
8.01235e-06  -0.00460262
8.01471e-06  -0.0040577
8.01707e-06  -0.00350225
8.01942e-06  -0.00293923
8.02178e-06  -0.00237161
8.02414e-06  -0.00180238
8.0265e-06  -0.00123447
8.02886e-06  -0.000670787
8.03122e-06  -0.000114196
8.03358e-06  0.000432508
8.03594e-06  0.000966601
8.03829e-06  0.00148544
8.04065e-06  0.00198648
8.04301e-06  0.00246729
8.04537e-06  0.00292553
8.04773e-06  0.003359
8.05009e-06  0.00376563
8.05245e-06  0.00414347
8.0548e-06  0.00449075
8.05716e-06  0.00480582
8.05952e-06  0.00508722
8.06188e-06  0.00533362
8.06424e-06  0.00554389
8.0666e-06  0.00571708
8.06896e-06  0.00585239
8.07132e-06  0.00594924
8.07367e-06  0.00600722
8.07603e-06  0.00602612
8.07839e-06  0.00600592
8.08075e-06  0.0059468
8.08311e-06  0.00584915
8.08547e-06  0.00571353
8.08783e-06  0.00554071
8.09018e-06  0.00533167
8.09254e-06  0.00508756
8.0949e-06  0.00480972
8.09726e-06  0.00449968
8.09962e-06  0.00415915
8.10198e-06  0.00379
8.10434e-06  0.00339428
8.10669e-06  0.00297417
8.10905e-06  0.00253201
8.11141e-06  0.00207027
8.11377e-06  0.00159153
8.11613e-06  0.00109851
8.11849e-06  0.00059398
8.12085e-06  8.08286e-05
8.12321e-06  -0.000438003
8.12556e-06  -0.000959519
8.12792e-06  -0.00148069
8.13028e-06  -0.00199845
8.13264e-06  -0.00250974
8.135e-06  -0.0030115
8.13736e-06  -0.00350072
8.13972e-06  -0.00397438
8.14207e-06  -0.00442956
8.14443e-06  -0.00486338
8.14679e-06  -0.00527305
8.14915e-06  -0.00565588
8.15151e-06  -0.00600928
8.15387e-06  -0.00633078
8.15623e-06  -0.00661804
8.15859e-06  -0.00686888
8.16094e-06  -0.00708123
8.1633e-06  -0.00725322
8.16566e-06  -0.00738313
8.16802e-06  -0.00746941
8.17038e-06  -0.0075107
8.17274e-06  -0.00750583
8.1751e-06  -0.00745381
8.17745e-06  -0.00735385
8.17981e-06  -0.00720537
8.18217e-06  -0.00700798
8.18453e-06  -0.0067615
8.18689e-06  -0.00646596
8.18925e-06  -0.0061216
8.19161e-06  -0.00572885
8.19397e-06  -0.00528836
8.19632e-06  -0.004801
8.19868e-06  -0.00426782
8.20104e-06  -0.00369008
8.2034e-06  -0.00306926
8.20576e-06  -0.00240702
8.20812e-06  -0.0017052
8.21048e-06  -0.00096586
8.21283e-06  -0.000191219
8.21519e-06  0.000616316
8.21755e-06  0.00145417
8.21991e-06  0.0023196
8.22227e-06  0.00320971
8.22463e-06  0.00412145
8.22699e-06  0.00505164
8.22934e-06  0.00599695
8.2317e-06  0.00695396
8.23406e-06  0.00791911
8.23642e-06  0.00888875
8.23878e-06  0.00985913
8.24114e-06  0.0108264
8.2435e-06  0.0117868
8.24586e-06  0.0127363
8.24821e-06  0.0136709
8.25057e-06  0.0145866
8.25293e-06  0.0154795
8.25529e-06  0.0163454
8.25765e-06  0.0171805
8.26001e-06  0.0179807
8.26237e-06  0.0187422
8.26472e-06  0.0194611
8.26708e-06  0.0201336
8.26944e-06  0.0207562
8.2718e-06  0.0213252
8.27416e-06  0.0218374
8.27652e-06  0.0222895
8.27888e-06  0.0226785
8.28124e-06  0.0230016
8.28359e-06  0.0232562
8.28595e-06  0.0234399
8.28831e-06  0.0235506
8.29067e-06  0.0235865
8.29303e-06  0.0235461
8.29539e-06  0.0234283
8.29775e-06  0.023232
8.3001e-06  0.0229568
8.30246e-06  0.0226024
8.30482e-06  0.0221691
8.30718e-06  0.0216572
8.30954e-06  0.0210677
8.3119e-06  0.0204017
8.31426e-06  0.0196608
8.31662e-06  0.0188469
8.31897e-06  0.0179621
8.32133e-06  0.0170092
8.32369e-06  0.0159908
8.32605e-06  0.0149101
8.32841e-06  0.0137706
8.33077e-06  0.0125758
8.33313e-06  0.0113297
8.33548e-06  0.0100363
8.33784e-06  0.00869991
8.3402e-06  0.00732495
8.34256e-06  0.005916
8.34492e-06  0.00447776
8.34728e-06  0.00301503
8.34964e-06  0.00153269
8.352e-06  3.5696e-05
8.35435e-06  -0.00147095
8.35671e-06  -0.0029822
8.35907e-06  -0.00449301
8.36143e-06  -0.0059983
8.36379e-06  -0.00749299
8.36615e-06  -0.00897202
8.36851e-06  -0.0104304
8.37086e-06  -0.011863
8.37322e-06  -0.0132649
8.37558e-06  -0.0146313
8.37794e-06  -0.0159573
8.3803e-06  -0.017238
8.38266e-06  -0.018469
8.38502e-06  -0.0196455
8.38737e-06  -0.0207632
8.38973e-06  -0.0218179
8.39209e-06  -0.0228054
8.39445e-06  -0.0237219
8.39681e-06  -0.0245638
8.39917e-06  -0.0253276
8.40153e-06  -0.0260103
8.40389e-06  -0.0266091
8.40624e-06  -0.0271215
8.4086e-06  -0.0275456
8.41096e-06  -0.0278797
8.41332e-06  -0.0281224
8.41568e-06  -0.0282732
8.41804e-06  -0.0283315
8.4204e-06  -0.0282975
8.42275e-06  -0.028172
8.42511e-06  -0.027956
8.42747e-06  -0.027651
8.42983e-06  -0.0272593
8.43219e-06  -0.0267834
8.43455e-06  -0.0262262
8.43691e-06  -0.0255912
8.43927e-06  -0.0248823
8.44162e-06  -0.0241037
8.44398e-06  -0.02326
8.44634e-06  -0.022356
8.4487e-06  -0.0213968
8.45106e-06  -0.0203878
8.45342e-06  -0.0193345
8.45578e-06  -0.0182426
8.45813e-06  -0.0171178
8.46049e-06  -0.0159659
8.46285e-06  -0.0147926
8.46521e-06  -0.0136038
8.46757e-06  -0.012405
8.46993e-06  -0.011202
8.47229e-06  -0.0100001
8.47465e-06  -0.00880465
8.477e-06  -0.00762076
8.47936e-06  -0.00645333
8.48172e-06  -0.0053071
8.48408e-06  -0.00418655
8.48644e-06  -0.00309592
8.4888e-06  -0.00203926
8.49116e-06  -0.00102033
8.49351e-06  -4.26855e-05
8.49587e-06  0.000890381
8.49823e-06  0.00177581
8.50059e-06  0.00261078
8.50295e-06  0.00339271
8.50531e-06  0.00411926
8.50767e-06  0.00478834
8.51002e-06  0.00539808
8.51238e-06  0.00594685
8.51474e-06  0.0064333
8.5171e-06  0.0068563
8.51946e-06  0.00721498
8.52182e-06  0.00750874
8.52418e-06  0.00773725
8.52654e-06  0.00790046
8.52889e-06  0.00799859
8.53125e-06  0.00803216
8.53361e-06  0.008002
8.53597e-06  0.00790924
8.53833e-06  0.00775532
8.54069e-06  0.00754197
8.54305e-06  0.00727127
8.5454e-06  0.00694557
8.54776e-06  0.00656755
8.55012e-06  0.00614017
8.55248e-06  0.00566668
8.55484e-06  0.0051506
8.5572e-06  0.00459567
8.55956e-06  0.00400591
8.56192e-06  0.00338549
8.56427e-06  0.00273878
8.56663e-06  0.0020703
8.56899e-06  0.00138467
8.57135e-06  0.000686586
8.57371e-06  -1.9199e-05
8.57607e-06  -0.000727935
8.57843e-06  -0.0014349
8.58078e-06  -0.00213543
8.58314e-06  -0.00282498
8.5855e-06  -0.00349912
8.58786e-06  -0.00415359
8.59022e-06  -0.00478435
8.59258e-06  -0.00538756
8.59494e-06  -0.00595965
8.5973e-06  -0.00649729
8.59965e-06  -0.00699749
8.60201e-06  -0.00745752
8.60437e-06  -0.00787498
8.60673e-06  -0.0082478
8.60909e-06  -0.00857423
8.61145e-06  -0.00885284
8.61381e-06  -0.00908253
8.61616e-06  -0.00926251
8.61852e-06  -0.00939228
8.62088e-06  -0.00947166
8.62324e-06  -0.00950072
8.6256e-06  -0.00947981
8.62796e-06  -0.00940952
8.63032e-06  -0.00929066
8.63267e-06  -0.00912423
8.63503e-06  -0.00891144
8.63739e-06  -0.00865365
8.63975e-06  -0.00835238
8.64211e-06  -0.00800925
8.64447e-06  -0.00762601
8.64683e-06  -0.00720449
8.64919e-06  -0.00674662
8.65154e-06  -0.00625437
8.6539e-06  -0.00572977
8.65626e-06  -0.00517488
8.65862e-06  -0.00459181
8.66098e-06  -0.00398269
8.66334e-06  -0.00334964
8.6657e-06  -0.00269481
8.66805e-06  -0.00202037
8.67041e-06  -0.00132846
8.67277e-06  -0.000621231
8.67513e-06  9.91656e-05
8.67749e-06  0.000830594
8.67985e-06  0.00157093
8.68221e-06  0.00231805
8.68457e-06  0.00306987
8.68692e-06  0.0038243
8.68928e-06  0.0045793
8.69164e-06  0.00533284
8.694e-06  0.00608292
8.69636e-06  0.00682759
8.69872e-06  0.00756493
8.70108e-06  0.00829308
8.70343e-06  0.00901021
8.70579e-06  0.00971458
8.70815e-06  0.0104045
8.71051e-06  0.0110783
8.71287e-06  0.0117345
8.71523e-06  0.0123716
8.71759e-06  0.0129883
8.71995e-06  0.0135832
8.7223e-06  0.014155
8.72466e-06  0.0147029
8.72702e-06  0.0152256
8.72938e-06  0.0157222
8.73174e-06  0.016192
8.7341e-06  0.0166342
8.73646e-06  0.0170481
8.73881e-06  0.0174332
8.74117e-06  0.017789
8.74353e-06  0.0181149
8.74589e-06  0.0184108
8.74825e-06  0.0186763
8.75061e-06  0.0189112
8.75297e-06  0.0191152
8.75532e-06  0.0192883
8.75768e-06  0.0194303
8.76004e-06  0.0195412
8.7624e-06  0.0196209
8.76476e-06  0.0196693
8.76712e-06  0.0196865
8.76948e-06  0.0196723
8.77184e-06  0.0196269
8.77419e-06  0.0195501
8.77655e-06  0.0194419
8.77891e-06  0.0193024
8.78127e-06  0.0191315
8.78363e-06  0.0189292
8.78599e-06  0.0186953
8.78835e-06  0.01843
8.7907e-06  0.0181331
8.79306e-06  0.0178047
8.79542e-06  0.0174447
8.79778e-06  0.0170531
8.80014e-06  0.0166299
8.8025e-06  0.0161752
8.80486e-06  0.0156891
8.80722e-06  0.0151717
8.80957e-06  0.0146231
8.81193e-06  0.0140436
8.81429e-06  0.0134335
8.81665e-06  0.0127932
8.81901e-06  0.012123
8.82137e-06  0.0114235
8.82373e-06  0.0106954
8.82608e-06  0.00993932
8.82844e-06  0.00915615
8.8308e-06  0.00834683
8.83316e-06  0.00751242
8.83552e-06  0.00665413
8.83788e-06  0.00577328
8.84024e-06  0.00487131
8.8426e-06  0.00394981
8.84495e-06  0.00301048
8.84731e-06  0.00205517
8.84967e-06  0.00108582
8.85203e-06  0.000104529
8.85439e-06  -0.000886521
8.85675e-06  -0.00188503
8.85911e-06  -0.00288861
8.86146e-06  -0.00389479
8.86382e-06  -0.00490101
8.86618e-06  -0.00590468
8.86854e-06  -0.00690315
8.8709e-06  -0.00789372
8.87326e-06  -0.00887372
8.87562e-06  -0.00984045
8.87797e-06  -0.0107912
8.88033e-06  -0.0117234
8.88269e-06  -0.0126345
8.88505e-06  -0.0135218
8.88741e-06  -0.014383
8.88977e-06  -0.0152157
8.89213e-06  -0.0160178
8.89449e-06  -0.0167869
8.89684e-06  -0.0175213
8.8992e-06  -0.018219
8.90156e-06  -0.0188783
8.90392e-06  -0.0194976
8.90628e-06  -0.0200757
8.90864e-06  -0.0206112
8.911e-06  -0.021103
8.91335e-06  -0.0215504
8.91571e-06  -0.0219524
8.91807e-06  -0.0223087
8.92043e-06  -0.0226186
8.92279e-06  -0.022882
8.92515e-06  -0.0230987
8.92751e-06  -0.0232688
8.92987e-06  -0.0233925
8.93222e-06  -0.0234699
8.93458e-06  -0.0235017
8.93694e-06  -0.0234882
8.9393e-06  -0.0234303
8.94166e-06  -0.0233286
8.94402e-06  -0.0231842
8.94638e-06  -0.0229979
8.94873e-06  -0.0227708
8.95109e-06  -0.0225042
8.95345e-06  -0.0221993
8.95581e-06  -0.0218575
8.95817e-06  -0.0214801
8.96053e-06  -0.0210687
8.96289e-06  -0.0206249
8.96525e-06  -0.0201502
8.9676e-06  -0.0196464
8.96996e-06  -0.0191152
8.97232e-06  -0.0185583
8.97468e-06  -0.0179777
8.97704e-06  -0.0173753
8.9794e-06  -0.0167528
8.98176e-06  -0.0161123
8.98411e-06  -0.0154557
8.98647e-06  -0.0147849
8.98883e-06  -0.014102
8.99119e-06  -0.013409
8.99355e-06  -0.0127078
8.99591e-06  -0.0120003
8.99827e-06  -0.0112884
9.00062e-06  -0.0105742
9.00298e-06  -0.00985937
9.00534e-06  -0.00914576
9.0077e-06  -0.00843511
9.01006e-06  -0.00772909
9.01242e-06  -0.0070293
9.01478e-06  -0.00633727
9.01714e-06  -0.00565442
9.01949e-06  -0.00498207
9.02185e-06  -0.00432147
9.02421e-06  -0.00367375
9.02657e-06  -0.00303991
9.02893e-06  -0.00242087
9.03129e-06  -0.0018174
9.03365e-06  -0.00123019
9.036e-06  -0.000659794
9.03836e-06  -0.000106641
9.04072e-06  0.000428942
9.04308e-06  0.000946745
9.04544e-06  0.00144667
9.0478e-06  0.00192871
9.05016e-06  0.00239299
9.05252e-06  0.0028397
9.05487e-06  0.00326913
9.05723e-06  0.00368167
9.05959e-06  0.00407775
9.06195e-06  0.00445791
9.06431e-06  0.00482272
9.06667e-06  0.00517282
9.06903e-06  0.00550888
9.07138e-06  0.00583164
9.07374e-06  0.00614184
9.0761e-06  0.00644026
9.07846e-06  0.00672768
9.08082e-06  0.0070049
9.08318e-06  0.00727271
9.08554e-06  0.00753192
9.0879e-06  0.00778329
9.09025e-06  0.0080276
9.09261e-06  0.00826558
9.09497e-06  0.00849794
9.09733e-06  0.00872535
9.09969e-06  0.00894846
9.10205e-06  0.00916785
9.10441e-06  0.00938408
9.10676e-06  0.00959764
9.10912e-06  0.00980899
9.11148e-06  0.0100185
9.11384e-06  0.0102265
9.1162e-06  0.0104334
9.11856e-06  0.0106392
9.12092e-06  0.0108442
9.12327e-06  0.0110485
9.12563e-06  0.0112522
9.12799e-06  0.0114551
9.13035e-06  0.0116573
9.13271e-06  0.0118587
9.13507e-06  0.012059
9.13743e-06  0.0122581
9.13979e-06  0.0124557
9.14214e-06  0.0126514
9.1445e-06  0.0128449
9.14686e-06  0.0130359
9.14922e-06  0.0132239
9.15158e-06  0.0134085
9.15394e-06  0.0135891
9.1563e-06  0.0137653
9.15865e-06  0.0139366
9.16101e-06  0.0141023
9.16337e-06  0.014262
9.16573e-06  0.0144151
9.16809e-06  0.0145609
9.17045e-06  0.0146989
9.17281e-06  0.0148284
9.17517e-06  0.0149489
9.17752e-06  0.0150598
9.17988e-06  0.0151604
9.18224e-06  0.01525
9.1846e-06  0.0153282
9.18696e-06  0.0153942
9.18932e-06  0.0154474
9.19168e-06  0.0154873
9.19403e-06  0.0155131
9.19639e-06  0.0155243
9.19875e-06  0.0155203
9.20111e-06  0.0155005
9.20347e-06  0.0154643
9.20583e-06  0.0154111
9.20819e-06  0.0153405
9.21055e-06  0.0152518
9.2129e-06  0.0151445
9.21526e-06  0.0150183
9.21762e-06  0.0148727
9.21998e-06  0.0147072
9.22234e-06  0.0145215
9.2247e-06  0.0143152
9.22706e-06  0.0140882
9.22941e-06  0.0138402
9.23177e-06  0.0135711
9.23413e-06  0.0132806
9.23649e-06  0.0129689
9.23885e-06  0.0126358
9.24121e-06  0.0122816
9.24357e-06  0.0119062
9.24593e-06  0.01151
9.24828e-06  0.0110932
9.25064e-06  0.0106562
9.253e-06  0.0101992
9.25536e-06  0.00972288
9.25772e-06  0.00922763
9.26008e-06  0.00871405
9.26244e-06  0.00818277
9.26479e-06  0.00763447
9.26715e-06  0.00706987
9.26951e-06  0.00648976
9.27187e-06  0.00589497
9.27423e-06  0.00528637
9.27659e-06  0.00466489
9.27895e-06  0.00403148
9.2813e-06  0.00338716
9.28366e-06  0.002733
9.28602e-06  0.0020701
9.28838e-06  0.00139961
9.29074e-06  0.000722747
9.2931e-06  4.07571e-05
9.29546e-06  -0.000645047
9.29782e-06  -0.0013333
9.30017e-06  -0.00202259
9.30253e-06  -0.00271144
9.30489e-06  -0.00339831
9.30725e-06  -0.00408163
9.30961e-06  -0.00475975
9.31197e-06  -0.00543098
9.31433e-06  -0.00609358
9.31668e-06  -0.00674576
9.31904e-06  -0.00738569
9.3214e-06  -0.00801151
9.32376e-06  -0.00862133
9.32612e-06  -0.00921323
9.32848e-06  -0.00978531
9.33084e-06  -0.0103356
9.3332e-06  -0.0108622
9.33555e-06  -0.0113633
9.33791e-06  -0.0118369
9.34027e-06  -0.0122812
9.34263e-06  -0.0126944
9.34499e-06  -0.0130748
9.34735e-06  -0.0134207
9.34971e-06  -0.0137306
9.35206e-06  -0.0140028
9.35442e-06  -0.0142361
9.35678e-06  -0.0144291
9.35914e-06  -0.0145806
9.3615e-06  -0.0146895
9.36386e-06  -0.0147549
9.36622e-06  -0.0147758
9.36858e-06  -0.0147517
9.37093e-06  -0.0146819
9.37329e-06  -0.014566
9.37565e-06  -0.0144038
9.37801e-06  -0.0141951
9.38037e-06  -0.0139399
9.38273e-06  -0.0136384
9.38509e-06  -0.0132911
9.38744e-06  -0.0128985
9.3898e-06  -0.0124613
9.39216e-06  -0.0119805
9.39452e-06  -0.0114571
9.39688e-06  -0.0108927
9.39924e-06  -0.0102886
9.4016e-06  -0.00964673
9.40395e-06  -0.00896904
9.40631e-06  -0.00825776
9.40867e-06  -0.00751536
9.41103e-06  -0.00674449
9.41339e-06  -0.00594806
9.41575e-06  -0.00512917
9.41811e-06  -0.00429114
9.42047e-06  -0.00343748
9.42282e-06  -0.00257187
9.42518e-06  -0.00169815
9.42754e-06  -0.000820313
9.4299e-06  5.75484e-05
9.43226e-06  0.000931246
9.43462e-06  0.00179653
9.43698e-06  0.00264912
9.43933e-06  0.00348474
9.44169e-06  0.00429914
9.44405e-06  0.00508813
9.44641e-06  0.00584763
9.44877e-06  0.00657368
9.45113e-06  0.00726246
9.45349e-06  0.00791036
9.45585e-06  0.00851396
9.4582e-06  0.0090701
9.46056e-06  0.00957584
9.46292e-06  0.0100285
9.46528e-06  0.0104258
9.46764e-06  0.0107656
9.47e-06  0.011046
9.47236e-06  0.0112657
9.47471e-06  0.0114235
9.47707e-06  0.0115184
9.47943e-06  0.0115499
9.48179e-06  0.0115177
9.48415e-06  0.0114217
9.48651e-06  0.0112622
9.48887e-06  0.0110397
9.49123e-06  0.010755
9.49358e-06  0.010409
9.49594e-06  0.0100029
9.4983e-06  0.00953821
9.50066e-06  0.00901652
9.50302e-06  0.00843969
9.50538e-06  0.00780975
9.50774e-06  0.00712895
9.51009e-06  0.00639972
9.51245e-06  0.0056247
9.51481e-06  0.0048067
9.51717e-06  0.00394873
9.51953e-06  0.00305401
9.52189e-06  0.00212592
9.52425e-06  0.00116805
9.5266e-06  0.000184188
9.52896e-06  -0.000821714
9.53132e-06  -0.00184552
9.53368e-06  -0.00288291
9.53604e-06  -0.00392942
9.5384e-06  -0.00498044
9.54076e-06  -0.00603124
9.54312e-06  -0.00707697
9.54547e-06  -0.0081127
9.54783e-06  -0.00913344
9.55019e-06  -0.0101342
9.55255e-06  -0.0111099
9.55491e-06  -0.0120557
9.55727e-06  -0.0129666
9.55963e-06  -0.0138378
9.56198e-06  -0.0146647
9.56434e-06  -0.0154428
9.5667e-06  -0.0161678
9.56906e-06  -0.0168357
9.57142e-06  -0.0174428
9.57378e-06  -0.0179857
9.57614e-06  -0.0184611
9.5785e-06  -0.0188664
9.58085e-06  -0.0191992
9.58321e-06  -0.0194574
9.58557e-06  -0.0196395
9.58793e-06  -0.0197443
9.59029e-06  -0.019771
9.59265e-06  -0.0197192
9.59501e-06  -0.0195889
9.59736e-06  -0.0193806
9.59972e-06  -0.019095
9.60208e-06  -0.0187334
9.60444e-06  -0.0182971
9.6068e-06  -0.0177882
9.60916e-06  -0.0172088
9.61152e-06  -0.0165612
9.61388e-06  -0.0158484
9.61623e-06  -0.0150733
9.61859e-06  -0.0142391
9.62095e-06  -0.0133493
9.62331e-06  -0.0124075
9.62567e-06  -0.0114175
9.62803e-06  -0.0103833
9.63039e-06  -0.00930896
9.63274e-06  -0.00819872
9.6351e-06  -0.0070569
9.63746e-06  -0.00588789
9.63982e-06  -0.0046962
9.64218e-06  -0.00348635
9.64454e-06  -0.00226296
9.6469e-06  -0.00103065
9.64925e-06  0.000205909
9.65161e-06  0.00144204
9.65397e-06  0.00267307
9.65633e-06  0.00389433
9.65869e-06  0.00510117
